<?xml version="1.0" encoding="UTF-8"?>
<testsuite xmlns:xsi="http://www.w3.org/2001/XMLSchema-instance" xsi:noNamespaceSchemaLocation="https://maven.apache.org/surefire/maven-surefire-plugin/xsd/surefire-test-report.xsd" name="cn.kmbeast.controller.UserControllerTests" time="1.399" tests="11" errors="0" skipped="0" failures="9">
  <properties>
[...]
</properties>
  <testcase name="testQuery" classname="cn.kmbeast.controller.UserControllerTests" time="0.234">
    <failure message="JSON path &quot;$.code&quot; expected:&lt;200&gt; but was:&lt;400&gt;" type="java.lang.AssertionError"><![CDATA[java.lang.AssertionError: JSON path "$.code" expected:<200> but was:<400>
	at cn.kmbeast.controller.UserControllerTests.testQuery(UserControllerTests.java:293)
]]></failure>
    <system-out><![CDATA[2025-04-30 23:23:13.193  INFO 31536 --- [           main] .b.t.c.SpringBootTestContextBootstrapper : Neither @ContextConfiguration nor @ContextHierarchy found for test class [cn.kmbeast.controller.UserControllerTests], using SpringBootContextLoader
2025-04-30 23:23:13.195  INFO 31536 --- [           main] o.s.t.c.support.AbstractContextLoader    : Could not detect default resource locations for test class [cn.kmbeast.controller.UserControllerTests]: no resource found for suffixes {-context.xml, Context.groovy}.
2025-04-30 23:23:13.195  INFO 31536 --- [           main] t.c.s.AnnotationConfigContextLoaderUtils : Could not detect default configuration classes for test class [cn.kmbeast.controller.UserControllerTests]: UserControllerTests does not declare any static, non-private, non-final, nested classes annotated with @Configuration.
2025-04-30 23:23:13.213  INFO 31536 --- [           main] .b.t.c.SpringBootTestContextBootstrapper : Found @SpringBootConfiguration cn.kmbeast.PersonalHealthApplication for test class cn.kmbeast.controller.UserControllerTests
2025-04-30 23:23:13.214  INFO 31536 --- [           main] .b.t.c.SpringBootTestContextBootstrapper : Loaded default TestExecutionListener class names from location [META-INF/spring.factories]: [org.springframework.boot.test.mock.mockito.MockitoTestExecutionListener, org.springframework.boot.test.mock.mockito.ResetMocksTestExecutionListener, org.springframework.boot.test.autoconfigure.restdocs.RestDocsTestExecutionListener, org.springframework.boot.test.autoconfigure.web.client.MockRestServiceServerResetTestExecutionListener, org.springframework.boot.test.autoconfigure.web.servlet.MockMvcPrintOnlyOnFailureTestExecutionListener, org.springframework.boot.test.autoconfigure.web.servlet.WebDriverTestExecutionListener, org.springframework.test.context.web.ServletTestExecutionListener, org.springframework.test.context.support.DirtiesContextBeforeModesTestExecutionListener, org.springframework.test.context.support.DependencyInjectionTestExecutionListener, org.springframework.test.context.support.DirtiesContextTestExecutionListener, org.springframework.test.context.transaction.TransactionalTestExecutionListener, org.springframework.test.context.jdbc.SqlScriptsTestExecutionListener, org.springframework.test.context.event.EventPublishingTestExecutionListener]
2025-04-30 23:23:13.215  INFO 31536 --- [           main] .b.t.c.SpringBootTestContextBootstrapper : Using TestExecutionListeners: [org.springframework.test.context.web.ServletTestExecutionListener@29bbc391, org.springframework.test.context.support.DirtiesContextBeforeModesTestExecutionListener@3487442d, org.springframework.boot.test.mock.mockito.MockitoTestExecutionListener@530ee28b, org.springframework.boot.test.autoconfigure.SpringBootDependencyInjectionTestExecutionListener@3a3f96ab, org.springframework.test.context.support.DirtiesContextTestExecutionListener@4def7d36, org.springframework.test.context.transaction.TransactionalTestExecutionListener@43c7fe8a, org.springframework.test.context.jdbc.SqlScriptsTestExecutionListener@67f946c3, org.springframework.test.context.event.EventPublishingTestExecutionListener@21b51e59, org.springframework.boot.test.mock.mockito.ResetMocksTestExecutionListener@1785d194, org.springframework.boot.test.autoconfigure.restdocs.RestDocsTestExecutionListener@6b4a4e40, org.springframework.boot.test.autoconfigure.web.client.MockRestServiceServerResetTestExecutionListener@46a8c2b4, org.springframework.boot.test.autoconfigure.web.servlet.MockMvcPrintOnlyOnFailureTestExecutionListener@4f664bee, org.springframework.boot.test.autoconfigure.web.servlet.WebDriverTestExecutionListener@76563ae7]

  .   ____          _            __ _ _
 /\\ / ___'_ __ _ _(_)_ __  __ _ \ \ \ \
( ( )\___ | '_ | '_| | '_ \/ _` | \ \ \ \
 \\/  ___)| |_)| | | | | || (_| |  ) ) ) )
  '  |____| .__|_| |_|_| |_\__, | / / / /
 =========|_|==============|___/=/_/_/_/
 :: Spring Boot ::        (v2.2.4.RELEASE)

2025-04-30 23:23:13.240  INFO 31536 --- [           main] c.k.controller.UserControllerTests       : Starting UserControllerTests on wula with PID 31536 (started by wei'li in F:\软件项目管理\SPM25-8\源代码\personal-health-api)
2025-04-30 23:23:13.240  INFO 31536 --- [           main] c.k.controller.UserControllerTests       : No active profile set, falling back to default profiles: default
2025-04-30 23:23:13.987  INFO 31536 --- [           main] o.s.s.concurrent.ThreadPoolTaskExecutor  : Initializing ExecutorService 'applicationTaskExecutor'
2025-04-30 23:23:14.203  INFO 31536 --- [           main] o.s.b.t.m.w.SpringBootMockServletContext : Initializing Spring TestDispatcherServlet ''
2025-04-30 23:23:14.203  INFO 31536 --- [           main] o.s.t.web.servlet.TestDispatcherServlet  : Initializing Servlet ''
2025-04-30 23:23:14.206  INFO 31536 --- [           main] o.s.t.web.servlet.TestDispatcherServlet  : Completed initialization in 3 ms
2025-04-30 23:23:14.217  INFO 31536 --- [           main] c.k.controller.UserControllerTests       : Started UserControllerTests in 1.0 seconds (JVM running for 6.25)
2025-04-30 23:23:14.225  INFO 31536 --- [           main] o.s.b.t.m.w.SpringBootMockServletContext : Initializing Spring TestDispatcherServlet ''
2025-04-30 23:23:14.225  INFO 31536 --- [           main] o.s.t.web.servlet.TestDispatcherServlet  : Initializing Servlet ''
2025-04-30 23:23:14.226  INFO 31536 --- [           main] o.s.t.web.servlet.TestDispatcherServlet  : Completed initialization in 1 ms
]]></system-out>
  </testcase>
  <testcase name="testBatchDelete" classname="cn.kmbeast.controller.UserControllerTests" time="0.015">
    <failure message="JSON path &quot;$.code&quot; expected:&lt;200&gt; but was:&lt;400&gt;" type="java.lang.AssertionError"><![CDATA[java.lang.AssertionError: JSON path "$.code" expected:<200> but was:<400>
	at cn.kmbeast.controller.UserControllerTests.testBatchDelete(UserControllerTests.java:262)
]]></failure>
    <system-out><![CDATA[2025-04-30 23:23:14.460  INFO 31536 --- [           main] o.s.b.t.m.w.SpringBootMockServletContext : Initializing Spring TestDispatcherServlet ''
2025-04-30 23:23:14.460  INFO 31536 --- [           main] o.s.t.web.servlet.TestDispatcherServlet  : Initializing Servlet ''
2025-04-30 23:23:14.462  INFO 31536 --- [           main] o.s.t.web.servlet.TestDispatcherServlet  : Completed initialization in 2 ms
]]></system-out>
  </testcase>
  <testcase name="testAuth" classname="cn.kmbeast.controller.UserControllerTests" time="0.016">
    <failure message="JSON path &quot;$.code&quot; expected:&lt;200&gt; but was:&lt;400&gt;" type="java.lang.AssertionError"><![CDATA[java.lang.AssertionError: JSON path "$.code" expected:<200> but was:<400>
	at cn.kmbeast.controller.UserControllerTests.testAuth(UserControllerTests.java:149)
]]></failure>
    <system-out><![CDATA[2025-04-30 23:23:14.472  INFO 31536 --- [           main] o.s.b.t.m.w.SpringBootMockServletContext : Initializing Spring TestDispatcherServlet ''
2025-04-30 23:23:14.472  INFO 31536 --- [           main] o.s.t.web.servlet.TestDispatcherServlet  : Initializing Servlet ''
2025-04-30 23:23:14.474  INFO 31536 --- [           main] o.s.t.web.servlet.TestDispatcherServlet  : Completed initialization in 2 ms
]]></system-out>
  </testcase>
  <testcase name="testRegisterUser" classname="cn.kmbeast.controller.UserControllerTests" time="0.077"/>
  <testcase name="testGetById" classname="cn.kmbeast.controller.UserControllerTests" time="0.018">
    <failure message="JSON path &quot;$.code&quot; expected:&lt;200&gt; but was:&lt;400&gt;" type="java.lang.AssertionError"><![CDATA[java.lang.AssertionError: JSON path "$.code" expected:<200> but was:<400>
	at cn.kmbeast.controller.UserControllerTests.testGetById(UserControllerTests.java:170)
]]></failure>
    <system-out><![CDATA[2025-04-30 23:23:14.569  INFO 31536 --- [           main] o.s.b.t.m.w.SpringBootMockServletContext : Initializing Spring TestDispatcherServlet ''
2025-04-30 23:23:14.569  INFO 31536 --- [           main] o.s.t.web.servlet.TestDispatcherServlet  : Initializing Servlet ''
2025-04-30 23:23:14.571  INFO 31536 --- [           main] o.s.t.web.servlet.TestDispatcherServlet  : Completed initialization in 2 ms
]]></system-out>
  </testcase>
  <testcase name="testUpdatePassword" classname="cn.kmbeast.controller.UserControllerTests" time="0.014">
    <failure message="JSON path &quot;$.code&quot; expected:&lt;200&gt; but was:&lt;400&gt;" type="java.lang.AssertionError"><![CDATA[java.lang.AssertionError: JSON path "$.code" expected:<200> but was:<400>
	at cn.kmbeast.controller.UserControllerTests.testUpdatePassword(UserControllerTests.java:128)
]]></failure>
    <system-out><![CDATA[2025-04-30 23:23:14.579  INFO 31536 --- [           main] o.s.b.t.m.w.SpringBootMockServletContext : Initializing Spring TestDispatcherServlet ''
2025-04-30 23:23:14.579  INFO 31536 --- [           main] o.s.t.web.servlet.TestDispatcherServlet  : Initializing Servlet ''
2025-04-30 23:23:14.581  INFO 31536 --- [           main] o.s.t.web.servlet.TestDispatcherServlet  : Completed initialization in 2 ms
]]></system-out>
  </testcase>
  <testcase name="testDaysQuery" classname="cn.kmbeast.controller.UserControllerTests" time="0.015">
    <failure message="JSON path &quot;$.code&quot; expected:&lt;200&gt; but was:&lt;400&gt;" type="java.lang.AssertionError"><![CDATA[java.lang.AssertionError: JSON path "$.code" expected:<200> but was:<400>
	at cn.kmbeast.controller.UserControllerTests.testDaysQuery(UserControllerTests.java:310)
]]></failure>
    <system-out><![CDATA[2025-04-30 23:23:14.590  INFO 31536 --- [           main] o.s.b.t.m.w.SpringBootMockServletContext : Initializing Spring TestDispatcherServlet ''
2025-04-30 23:23:14.591  INFO 31536 --- [           main] o.s.t.web.servlet.TestDispatcherServlet  : Initializing Servlet ''
2025-04-30 23:23:14.592  INFO 31536 --- [           main] o.s.t.web.servlet.TestDispatcherServlet  : Completed initialization in 1 ms
]]></system-out>
  </testcase>
  <testcase name="testUserLogin" classname="cn.kmbeast.controller.UserControllerTests" time="0.012"/>
  <testcase name="testInsert" classname="cn.kmbeast.controller.UserControllerTests" time="0.013">
    <failure message="JSON path &quot;$.code&quot; expected:&lt;200&gt; but was:&lt;400&gt;" type="java.lang.AssertionError"><![CDATA[java.lang.AssertionError: JSON path "$.code" expected:<200> but was:<400>
	at cn.kmbeast.controller.UserControllerTests.testInsert(UserControllerTests.java:194)
]]></failure>
    <system-out><![CDATA[2025-04-30 23:23:14.609  INFO 31536 --- [           main] o.s.b.t.m.w.SpringBootMockServletContext : Initializing Spring TestDispatcherServlet ''
2025-04-30 23:23:14.610  INFO 31536 --- [           main] o.s.t.web.servlet.TestDispatcherServlet  : Initializing Servlet ''
2025-04-30 23:23:14.611  INFO 31536 --- [           main] o.s.t.web.servlet.TestDispatcherServlet  : Completed initialization in 1 ms
]]></system-out>
  </testcase>
  <testcase name="testBackUpdate" classname="cn.kmbeast.controller.UserControllerTests" time="0.016">
    <failure message="JSON path &quot;$.code&quot; expected:&lt;200&gt; but was:&lt;400&gt;" type="java.lang.AssertionError"><![CDATA[java.lang.AssertionError: JSON path "$.code" expected:<200> but was:<400>
	at cn.kmbeast.controller.UserControllerTests.testBackUpdate(UserControllerTests.java:243)
]]></failure>
    <system-out><![CDATA[2025-04-30 23:23:14.618  INFO 31536 --- [           main] o.s.b.t.m.w.SpringBootMockServletContext : Initializing Spring TestDispatcherServlet ''
2025-04-30 23:23:14.618  INFO 31536 --- [           main] o.s.t.web.servlet.TestDispatcherServlet  : Initializing Servlet ''
2025-04-30 23:23:14.619  INFO 31536 --- [           main] o.s.t.web.servlet.TestDispatcherServlet  : Completed initialization in 1 ms
]]></system-out>
  </testcase>
  <testcase name="testUpdate" classname="cn.kmbeast.controller.UserControllerTests" time="0.013">
    <failure message="JSON path &quot;$.code&quot; expected:&lt;200&gt; but was:&lt;400&gt;" type="java.lang.AssertionError"><![CDATA[java.lang.AssertionError: JSON path "$.code" expected:<200> but was:<400>
	at cn.kmbeast.controller.UserControllerTests.testUpdate(UserControllerTests.java:218)
]]></failure>
    <system-out><![CDATA[2025-04-30 23:23:14.626  INFO 31536 --- [           main] o.s.b.t.m.w.SpringBootMockServletContext : Initializing Spring TestDispatcherServlet ''
2025-04-30 23:23:14.626  INFO 31536 --- [           main] o.s.t.web.servlet.TestDispatcherServlet  : Initializing Servlet ''
2025-04-30 23:23:14.628  INFO 31536 --- [           main] o.s.t.web.servlet.TestDispatcherServlet  : Completed initialization in 2 ms
]]></system-out>
  </testcase>
</testsuite>