<?xml version="1.0" encoding="UTF-8"?>
<testsuite xmlns:xsi="http://www.w3.org/2001/XMLSchema-instance" xsi:noNamespaceSchemaLocation="https://maven.apache.org/surefire/maven-surefire-plugin/xsd/surefire-test-report.xsd" name="cn.kmbeast.config.WebConfigTests" time="0.119" tests="3" errors="0" skipped="0" failures="0">
  <properties>
[...]
</properties>
  <testcase name="testAddCorsMappingsMethod" classname="cn.kmbeast.config.WebConfigTests" time="0"/>
  <testcase name="testCorsConfigurationSet" classname="cn.kmbeast.config.WebConfigTests" time="0.012"/>
  <testcase name="testWebConfigImplementsWebMvcConfigurer" classname="cn.kmbeast.config.WebConfigTests" time="0"/>
</testsuite>