<?xml version="1.0" encoding="UTF-8"?>
<coverage generated="1746891323913" clover="3.2.0">
  <project timestamp="1746891323913" name="All files">
    <metrics statements="144" coveredstatements="122" conditionals="53" coveredconditionals="33" methods="49" coveredmethods="33" elements="246" coveredelements="188" complexity="0" loc="144" ncloc="144" packages="3" files="9" classes="9"/>
    <package name="components">
      <metrics statements="51" coveredstatements="49" conditionals="14" coveredconditionals="9" methods="16" coveredmethods="15"/>
      <file name="Banner.vue" path="B:\Unterricht\projectManage\源代码\personal-heath-view-test\src\components\Banner.vue">
        <metrics statements="19" coveredstatements="17" conditionals="4" coveredconditionals="1" methods="6" coveredmethods="5"/>
        <line num="4" count="2" type="stmt"/>
        <line num="7" count="2" type="stmt"/>
        <line num="9" count="2" type="stmt"/>
        <line num="40" count="7" type="stmt"/>
        <line num="43" count="7" type="stmt"/>
        <line num="50" count="6" type="stmt"/>
        <line num="57" count="1" type="stmt"/>
        <line num="60" count="7" type="stmt"/>
        <line num="61" count="0" type="cond" truecount="0" falsecount="2"/>
        <line num="62" count="0" type="stmt"/>
        <line num="67" count="2" type="cond" truecount="1" falsecount="1"/>
        <line num="68" count="2" type="stmt"/>
        <line num="69" count="7" type="stmt"/>
        <line num="70" count="7" type="stmt"/>
        <line num="71" count="7" type="stmt"/>
        <line num="92" count="2" type="stmt"/>
        <line num="93" count="2" type="stmt"/>
        <line num="95" count="2" type="stmt"/>
        <line num="96" count="2" type="stmt"/>
      </file>
      <file name="Logo.vue" path="B:\Unterricht\projectManage\源代码\personal-heath-view-test\src\components\Logo.vue">
        <metrics statements="13" coveredstatements="13" conditionals="4" coveredconditionals="3" methods="3" coveredmethods="3"/>
        <line num="4" count="2" type="stmt"/>
        <line num="7" count="2" type="stmt"/>
        <line num="8" count="2" type="stmt"/>
        <line num="11" count="5" type="stmt"/>
        <line num="30" count="2" type="cond" truecount="1" falsecount="1"/>
        <line num="31" count="2" type="stmt"/>
        <line num="32" count="5" type="stmt"/>
        <line num="33" count="5" type="stmt"/>
        <line num="34" count="5" type="stmt"/>
        <line num="54" count="2" type="stmt"/>
        <line num="55" count="2" type="stmt"/>
        <line num="57" count="2" type="stmt"/>
        <line num="58" count="2" type="stmt"/>
      </file>
      <file name="TagLine.vue" path="B:\Unterricht\projectManage\源代码\personal-heath-view-test\src\components\TagLine.vue">
        <metrics statements="19" coveredstatements="19" conditionals="6" coveredconditionals="5" methods="7" coveredmethods="7"/>
        <line num="4" count="2" type="stmt"/>
        <line num="7" count="2" type="stmt"/>
        <line num="9" count="2" type="stmt"/>
        <line num="12" count="6" type="stmt"/>
        <line num="23" count="6" type="stmt"/>
        <line num="30" count="10" type="stmt"/>
        <line num="31" count="10" type="stmt"/>
        <line num="34" count="1" type="stmt"/>
        <line num="41" count="2" type="cond" truecount="1" falsecount="1"/>
        <line num="42" count="2" type="stmt"/>
        <line num="43" count="13" type="stmt"/>
        <line num="44" count="13" type="stmt"/>
        <line num="45" count="13" type="stmt"/>
        <line num="48" count="39" type="stmt"/>
        <line num="63" count="4" type="stmt"/>
        <line num="74" count="2" type="stmt"/>
        <line num="75" count="2" type="stmt"/>
        <line num="77" count="2" type="stmt"/>
        <line num="78" count="2" type="stmt"/>
      </file>
    </package>
    <package name="utils">
      <metrics statements="39" coveredstatements="39" conditionals="11" coveredconditionals="10" methods="12" coveredmethods="12"/>
      <file name="data.js" path="B:\Unterricht\projectManage\源代码\personal-heath-view-test\src\utils\data.js">
        <metrics statements="13" coveredstatements="13" conditionals="8" coveredconditionals="8" methods="1" coveredmethods="1"/>
        <line num="2" count="7" type="stmt"/>
        <line num="3" count="7" type="stmt"/>
        <line num="4" count="7" type="stmt"/>
        <line num="5" count="7" type="cond" truecount="2" falsecount="0"/>
        <line num="6" count="2" type="stmt"/>
        <line num="7" count="5" type="cond" truecount="2" falsecount="0"/>
        <line num="8" count="1" type="stmt"/>
        <line num="9" count="4" type="cond" truecount="2" falsecount="0"/>
        <line num="10" count="1" type="stmt"/>
        <line num="12" count="3" type="stmt"/>
        <line num="13" count="3" type="cond" truecount="2" falsecount="0"/>
        <line num="14" count="1" type="stmt"/>
        <line num="16" count="2" type="stmt"/>
      </file>
      <file name="request.js" path="B:\Unterricht\projectManage\源代码\personal-heath-view-test\src\utils\request.js">
        <metrics statements="8" coveredstatements="8" conditionals="2" coveredconditionals="2" methods="2" coveredmethods="2"/>
        <line num="3" count="1" type="stmt"/>
        <line num="4" count="1" type="stmt"/>
        <line num="9" count="1" type="stmt"/>
        <line num="10" count="2" type="stmt"/>
        <line num="11" count="2" type="cond" truecount="2" falsecount="0"/>
        <line num="12" count="1" type="stmt"/>
        <line num="14" count="2" type="stmt"/>
        <line num="16" count="1" type="stmt"/>
      </file>
      <file name="storage.js" path="B:\Unterricht\projectManage\源代码\personal-heath-view-test\src\utils\storage.js">
        <metrics statements="10" coveredstatements="10" conditionals="0" coveredconditionals="0" methods="7" coveredmethods="7"/>
        <line num="1" count="2" type="stmt"/>
        <line num="2" count="2" type="stmt"/>
        <line num="3" count="2" type="stmt"/>
        <line num="5" count="5" type="stmt"/>
        <line num="9" count="3" type="stmt"/>
        <line num="13" count="2" type="stmt"/>
        <line num="17" count="2" type="stmt"/>
        <line num="21" count="2" type="stmt"/>
        <line num="24" count="2" type="stmt"/>
        <line num="28" count="2" type="stmt"/>
      </file>
      <file name="swalPlugin.js" path="B:\Unterricht\projectManage\源代码\personal-heath-view-test\src\utils\swalPlugin.js">
        <metrics statements="8" coveredstatements="8" conditionals="1" coveredconditionals="0" methods="2" coveredmethods="2"/>
        <line num="12" count="1" type="stmt"/>
        <line num="14" count="3" type="cond" truecount="0" falsecount="1"/>
        <line num="15" count="2" type="stmt"/>
        <line num="29" count="2" type="stmt"/>
        <line num="30" count="2" type="stmt"/>
        <line num="31" count="1" type="stmt"/>
        <line num="33" count="1" type="stmt"/>
        <line num="34" count="1" type="stmt"/>
      </file>
    </package>
    <package name="views.user">
      <metrics statements="54" coveredstatements="34" conditionals="28" coveredconditionals="14" methods="21" coveredmethods="6"/>
      <file name="Home.vue" path="B:\Unterricht\projectManage\源代码\personal-heath-view-test\src\views\user\Home.vue">
        <metrics statements="17" coveredstatements="15" conditionals="4" coveredconditionals="3" methods="5" coveredmethods="3"/>
        <line num="4" count="1" type="stmt"/>
        <line num="5" count="1" type="stmt"/>
        <line num="8" count="1" type="stmt"/>
        <line num="9" count="1" type="stmt"/>
        <line num="116" count="1" type="cond" truecount="1" falsecount="1"/>
        <line num="117" count="1" type="stmt"/>
        <line num="118" count="23" type="stmt"/>
        <line num="119" count="23" type="stmt"/>
        <line num="120" count="23" type="stmt"/>
        <line num="142" count="24" type="stmt"/>
        <line num="149" count="0" type="stmt"/>
        <line num="212" count="24" type="stmt"/>
        <line num="220" count="0" type="stmt"/>
        <line num="252" count="1" type="stmt"/>
        <line num="253" count="1" type="stmt"/>
        <line num="255" count="1" type="stmt"/>
        <line num="256" count="1" type="stmt"/>
      </file>
      <file name="Record.vue" path="B:\Unterricht\projectManage\源代码\personal-heath-view-test\src\views\user\Record.vue">
        <metrics statements="37" coveredstatements="19" conditionals="24" coveredconditionals="11" methods="16" coveredmethods="3"/>
        <line num="4" count="1" type="stmt"/>
        <line num="5" count="1" type="stmt"/>
        <line num="8" count="1" type="stmt"/>
        <line num="9" count="1" type="stmt"/>
        <line num="10" count="1" type="stmt"/>
        <line num="11" count="1" type="stmt"/>
        <line num="12" count="1" type="stmt"/>
        <line num="13" count="1" type="stmt"/>
        <line num="225" count="1" type="cond" truecount="1" falsecount="1"/>
        <line num="226" count="1" type="stmt"/>
        <line num="227" count="64" type="stmt"/>
        <line num="228" count="64" type="stmt"/>
        <line num="229" count="64" type="stmt"/>
        <line num="297" count="0" type="stmt"/>
        <line num="350" count="0" type="stmt"/>
        <line num="386" count="2" type="stmt"/>
        <line num="393" count="0" type="stmt"/>
        <line num="476" count="0" type="stmt"/>
        <line num="496" count="0" type="stmt"/>
        <line num="577" count="12" type="stmt"/>
        <line num="608" count="0" type="cond" truecount="0" falsecount="2"/>
        <line num="609" count="0" type="stmt"/>
        <line num="668" count="0" type="stmt"/>
        <line num="736" count="0" type="cond" truecount="0" falsecount="2"/>
        <line num="737" count="0" type="stmt"/>
        <line num="764" count="0" type="cond" truecount="0" falsecount="2"/>
        <line num="765" count="0" type="stmt"/>
        <line num="792" count="0" type="cond" truecount="0" falsecount="2"/>
        <line num="793" count="0" type="stmt"/>
        <line num="824" count="0" type="cond" truecount="0" falsecount="2"/>
        <line num="825" count="0" type="stmt"/>
        <line num="854" count="0" type="stmt"/>
        <line num="913" count="0" type="stmt"/>
        <line num="928" count="1" type="stmt"/>
        <line num="929" count="1" type="stmt"/>
        <line num="931" count="1" type="stmt"/>
        <line num="932" count="1" type="stmt"/>
      </file>
    </package>
  </project>
</coverage>
