{"B:\\Unterricht\\projectManage\\源代码\\personal-heath-view-test\\src\\components\\Banner.vue": {"path":"B:\\Unterricht\\projectManage\\源代码\\personal-heath-view-test\\src\\components\\Banner.vue","statementMap":{"0":{"start":{"line":4,"column":0},"end":{"line":6,"column":3}},"1":{"start":{"line":7,"column":0},"end":{"line":7,"column":25}},"2":{"start":{"line":9,"column":15},"end":{"line":66,"column":1}},"3":{"start":{"line":40,"column":8},"end":{"line":42,"column":10}},"4":{"start":{"line":43,"column":8},"end":{"line":43,"column":22}},"5":{"start":{"line":50,"column":4},"end":{"line":53,"column":6}},"6":{"start":{"line":57,"column":6},"end":{"line":57,"column":46}},"7":{"start":{"line":60,"column":6},"end":{"line":63,"column":20}},"8":{"start":{"line":61,"column":8},"end":{"line":61,"column":69}},"9":{"start":{"line":62,"column":8},"end":{"line":62,"column":50}},"10":{"start":{"line":67,"column":18},"end":{"line":67,"column":99}},"11":{"start":{"line":68,"column":13},"end":{"line":91,"column":1}},"12":{"start":{"line":69,"column":12},"end":{"line":69,"column":16}},"13":{"start":{"line":70,"column":9},"end":{"line":70,"column":21}},"14":{"start":{"line":71,"column":2},"end":{"line":90,"column":4}},"15":{"start":{"line":92,"column":22},"end":{"line":92,"column":24}},"16":{"start":{"line":93,"column":0},"end":{"line":93,"column":27}},"17":{"start":{"line":95,"column":0},"end":{"line":95,"column":27}},"18":{"start":{"line":96,"column":0},"end":{"line":96,"column":45}}},"fnMap":{"0":{"name":"(anonymous_0)","decl":{"start":{"line":39,"column":6},"end":{"line":39,"column":7}},"loc":{"start":{"line":39,"column":22},"end":{"line":44,"column":7}},"line":39},"1":{"name":"(anonymous_1)","decl":{"start":{"line":49,"column":2},"end":{"line":49,"column":3}},"loc":{"start":{"line":49,"column":9},"end":{"line":54,"column":3}},"line":49},"2":{"name":"(anonymous_2)","decl":{"start":{"line":56,"column":4},"end":{"line":56,"column":5}},"loc":{"start":{"line":56,"column":18},"end":{"line":58,"column":5}},"line":56},"3":{"name":"(anonymous_3)","decl":{"start":{"line":59,"column":4},"end":{"line":59,"column":5}},"loc":{"start":{"line":59,"column":13},"end":{"line":64,"column":5}},"line":59},"4":{"name":"(anonymous_4)","decl":{"start":{"line":60,"column":18},"end":{"line":60,"column":19}},"loc":{"start":{"line":60,"column":24},"end":{"line":63,"column":7}},"line":60},"5":{"name":"render","decl":{"start":{"line":68,"column":22},"end":{"line":68,"column":28}},"loc":{"start":{"line":68,"column":31},"end":{"line":91,"column":1}},"line":68}},"branchMap":{"0":{"loc":{"start":{"line":61,"column":21},"end":{"line":61,"column":68}},"type":"cond-expr","locations":[{"start":{"line":61,"column":54},"end":{"line":61,"column":55}},{"start":{"line":61,"column":58},"end":{"line":61,"column":68}}],"line":61},"1":{"loc":{"start":{"line":67,"column":18},"end":{"line":67,"column":99}},"type":"cond-expr","locations":[{"start":{"line":67,"column":58},"end":{"line":67,"column":81}},{"start":{"line":67,"column":84},"end":{"line":67,"column":99}}],"line":67}},"s":{"0":2,"1":2,"2":2,"3":7,"4":7,"5":6,"6":1,"7":7,"8":0,"9":0,"10":2,"11":2,"12":7,"13":7,"14":7,"15":2,"16":2,"17":2,"18":2},"f":{"0":7,"1":6,"2":1,"3":7,"4":0,"5":7},"b":{"0":[0,0],"1":[0,2]},"inputSourceMap":{"0":"{","1":"\"","2":"v","3":"e","4":"r","5":"s","6":"i","7":"o","8":"n","9":"\"","10":":","11":"3","12":",","13":"\"","14":"s","15":"o","16":"u","17":"r","18":"c","19":"e","20":"s","21":"\"","22":":","23":"[","24":"\"","25":"B","26":":","27":"\\","28":"\\","29":"U","30":"n","31":"t","32":"e","33":"r","34":"r","35":"i","36":"c","37":"h","38":"t","39":"\\","40":"\\","41":"p","42":"r","43":"o","44":"j","45":"e","46":"c","47":"t","48":"M","49":"a","50":"n","51":"a","52":"g","53":"e","54":"\\","55":"\\","56":"源","57":"代","58":"码","59":"\\","60":"\\","61":"p","62":"e","63":"r","64":"s","65":"o","66":"n","67":"a","68":"l","69":"-","70":"h","71":"e","72":"a","73":"t","74":"h","75":"-","76":"v","77":"i","78":"e","79":"w","80":"-","81":"t","82":"e","83":"s","84":"t","85":"\\","86":"\\","87":"s","88":"r","89":"c","90":"\\","91":"\\","92":"c","93":"o","94":"m","95":"p","96":"o","97":"n","98":"e","99":"n","100":"t","101":"s","102":"\\","103":"\\","104":"B","105":"a","106":"n","107":"n","108":"e","109":"r","110":".","111":"v","112":"u","113":"e","114":"\"","115":"]","116":",","117":"\"","118":"n","119":"a","120":"m","121":"e","122":"s","123":"\"","124":":","125":"[","126":"]","127":",","128":"\"","129":"m","130":"a","131":"p","132":"p","133":"i","134":"n","135":"g","136":"s","137":"\"","138":":","139":"\"","140":";","141":";","142":";","143":";","144":";","145":";","146":";","147":"A","148":"A","149":"Q","150":"A","151":";","152":"A","153":"A","154":"A","155":"A","156":",","157":"i","158":"C","159":"A","160":"C","161":"e","162":";","163":"E","164":"A","165":"C","166":"X","167":",","168":"I","169":"A","170":"A","171":"I","172":",","173":"E","174":"A","175":"A","176":"E","177":",","178":"Q","179":"A","180":"A","181":"Q","182":";","183":"E","184":"A","185":"C","186":"d","187":",","188":"K","189":"A","190":"A","191":"K","192":",","193":"E","194":"A","195":"A","196":"E","197":";","198":"I","199":"A","200":"C","201":"H","202":",","203":"I","204":"A","205":"A","206":"I","207":",","208":"E","209":"A","210":"A","211":"E","212":";","213":"M","214":"A","215":"C","216":"F","217":",","218":"I","219":"A","220":"A","221":"I","222":",","223":"E","224":"A","225":"A","226":"E","227":",","228":"K","229":"A","230":"A","231":"K","232":";","233":"M","234":"A","235":"C","236":"X","237":",","238":"Q","239":"A","240":"A","241":"Q","242":",","243":"E","244":"A","245":"A","246":"E","247":";","248":"I","249":"A","250":"C","251":"d","252":",","253":"C","254":"A","255":"A","256":"C","257":";","258":"I","259":"A","260":"C","261":"D","262":",","263":"K","264":"A","265":"A","266":"K","267":",","268":"E","269":"A","270":"A","271":"E","272":";","273":"M","274":"A","275":"A","276":"E","277":";","278":"M","279":"A","280":"C","281":"L","282":",","283":"I","284":"A","285":"A","286":"I","287":",","288":"E","289":"A","290":"A","291":"E","292":",","293":"M","294":"A","295":"A","296":"M","297":";","298":"M","299":"A","300":"C","301":"Z","302":",","303":"O","304":"A","305":"A","306":"O","307":",","308":"E","309":"A","310":"A","311":"E","312":";","313":"I","314":"A","315":"C","316":"b","317":",","318":"C","319":"A","320":"A","321":"C","322":";","323":"I","324":"A","325":"C","326":"D","327":",","328":"M","329":"A","330":"A","331":"M","332":",","333":"E","334":"A","335":"A","336":"E","337":";","338":"M","339":"A","340":"A","341":"E","342":";","343":"M","344":"A","345":"C","346":"N","347":",","348":"I","349":"A","350":"A","351":"I","352":",","353":"E","354":"A","355":"A","356":"E","357":",","358":"M","359":"A","360":"A","361":"M","362":";","363":"M","364":"A","365":"C","366":"Z","367":",","368":"O","369":"A","370":"A","371":"O","372":",","373":"E","374":"A","375":"A","376":"E","377":";","378":"I","379":"A","380":"C","381":"b","382":",","383":"C","384":"A","385":"A","386":"C","387":";","388":"I","389":"A","390":"C","391":"D","392":",","393":"Y","394":"A","395":"A","396":"Y","397":",","398":"E","399":"A","400":"A","401":"E","402":";","403":"M","404":"A","405":"A","406":"E","407":";","408":"M","409":"A","410":"C","411":"Z","412":",","413":"I","414":"A","415":"A","416":"I","417":",","418":"E","419":"A","420":"A","421":"E","422":",","423":"M","424":"A","425":"A","426":"M","427":";","428":"M","429":"A","430":"C","431":"Z","432":",","433":"O","434":"A","435":"A","436":"O","437":",","438":"E","439":"A","440":"A","441":"E","442":";","443":"I","444":"A","445":"C","446":"b","447":",","448":"C","449":"A","450":"A","451":"C","452":";","453":"I","454":"A","455":"C","456":"D","457":",","458":"I","459":"A","460":"A","461":"I","462":",","463":"E","464":"A","465":"A","466":"E","467":";","468":"M","469":"A","470":"A","471":"E","472":";","473":"M","474":"A","475":"C","476":"J","477":",","478":"I","479":"A","480":"A","481":"I","482":",","483":"E","484":"A","485":"A","486":"E","487":",","488":"M","489":"A","490":"A","491":"M","492":";","493":"M","494":"A","495":"C","496":"Z","497":",","498":"O","499":"A","500":"A","501":"O","502":",","503":"E","504":"A","505":"A","506":"E","507":";","508":"I","509":"A","510":"C","511":"b","512":";","513":"E","514":"A","515":"C","516":"J","517":",","518":"C","519":"A","520":"A","521":"C","522":";","523":"E","524":"A","525":"C","526":"D","527":",","528":"K","529":"A","530":"A","531":"K","532":",","533":"E","534":"A","535":"A","536":"E","537":";","538":"I","539":"A","540":"C","541":"H","542":",","543":"I","544":"A","545":"A","546":"I","547":",","548":"E","549":"A","550":"A","551":"E","552":";","553":"M","554":"A","555":"C","556":"F","557":",","558":"O","559":"A","560":"A","561":"O","562":",","563":"C","564":"A","565":"A","566":"C","567":",","568":"E","569":"A","570":"A","571":"E","572":",","573":"E","574":"A","575":"A","576":"E","577":",","578":"E","579":"A","580":"A","581":"E","582":",","583":"E","584":"A","585":"A","586":"E","587":";","588":"Q","589":"A","590":"C","591":"Z","592":",","593":"I","594":"A","595":"A","596":"I","597":",","598":"C","599":"A","600":"A","601":"C","602":",","603":"U","604":"A","605":"A","606":"U","607":",","608":"G","609":"A","610":"A","611":"G","612":";","613":"U","614":"A","615":"A","616":"C","617":",","618":"G","619":"A","620":"A","621":"I","622":",","623":"I","624":"A","625":"A","626":"I","627":",","628":"C","629":"A","630":"A","631":"C","632":",","633":"I","634":"A","635":"A","636":"I","637":",","638":"C","639":"A","640":"A","641":"C","642":",","643":"C","644":"A","645":"A","646":"C","647":";","648":"Q","649":"A","650":"A","651":"C","652":",","653":"C","654":"A","655":"A","656":"C","657":";","658":"Q","659":"A","660":"C","661":"p","662":"C","663":",","664":"I","665":"A","666":"A","667":"I","668":",","669":"C","670":"A","671":"A","672":"C","673":",","674":"M","675":"A","676":"A","677":"M","678":",","679":"C","680":"A","681":"A","682":"C","683":",","684":"C","685":"A","686":"A","687":"C","688":";","689":"M","690":"A","691":"C","692":"j","693":"B","694":",","695":"C","696":"A","697":"A","698":"C","699":";","700":"M","701":"A","702":"C","703":"D","704":",","705":"I","706":"A","707":"A","708":"I","709":",","710":"E","711":"A","712":"A","713":"E","714":",","715":"I","716":"A","717":"A","718":"I","719":";","720":"M","721":"A","722":"C","723":"V","724":",","725":"S","726":"A","727":"A","728":"S","729":",","730":"E","731":"A","732":"A","733":"E","734":";","735":"I","736":"A","737":"C","738":"f","739":";","740":"E","741":"A","742":"C","743":"J","744":",","745":"C","746":"A","747":"A","748":"C","749":";","750":"E","751":"A","752":"C","753":"D","754":",","755":"I","756":"A","757":"A","758":"I","759":",","760":"G","761":"A","762":"A","763":"G","764":";","765":"I","766":"A","767":"C","768":"H","769":",","770":"O","771":"A","772":"A","773":"O","774":";","775":"M","776":"A","777":"C","778":"H","779":",","780":"U","781":"A","782":"A","783":"U","784":",","785":"E","786":"A","787":"A","788":"E","789":",","790":"C","791":"A","792":"A","793":"C","794":",","795":"C","796":"A","797":"A","798":"C","799":";","800":"M","801":"A","802":"C","803":"d","804":",","805":"K","806":"A","807":"A","808":"K","809":",","810":"E","811":"A","812":"A","813":"E","814":";","815":"I","816":"A","817":"C","818":"X","819":",","820":"C","821":"A","822":"A","823":"C","824":";","825":"E","826":"A","827":"C","828":"L","829":",","830":"C","831":"A","832":"A","833":"C","834":";","835":"E","836":"A","837":"C","838":"D","839":",","840":"O","841":"A","842":"A","843":"O","844":",","845":"E","846":"A","847":"A","848":"E","849":";","850":"I","851":"A","852":"C","853":"L","854":",","855":"O","856":"A","857":"A","858":"O","859":",","860":"C","861":"A","862":"A","863":"C","864":",","865":"I","866":"A","867":"A","868":"I","869":",","870":"E","871":"A","872":"A","873":"E","874":";","875":"M","876":"A","877":"C","878":"V","879":",","880":"I","881":"A","882":"A","883":"I","884":",","885":"C","886":"A","887":"A","888":"C","889":",","890":"K","891":"A","892":"A","893":"K","894":",","895":"C","896":"A","897":"A","898":"C","899":",","900":"U","901":"A","902":"A","903":"U","904":",","905":"E","906":"A","907":"A","908":"E","909":",","910":"I","911":"A","912":"A","913":"I","914":",","915":"C","916":"A","917":"A","918":"C","919":",","920":"U","921":"A","922":"A","923":"U","924":",","925":"C","926":"A","927":"A","928":"C","929":";","930":"I","931":"A","932":"C","933":"3","934":"C","935":",","936":"C","937":"A","938":"A","939":"C","940":";","941":"I","942":"A","943":"C","944":"D","945":",","946":"M","947":"A","948":"A","949":"M","950":",","951":"G","952":"A","953":"A","954":"G","955":";","956":"M","957":"A","958":"C","959":"L","960":",","961":"W","962":"A","963":"A","964":"W","965":",","966":"C","967":"A","968":"A","969":"C","970":",","971":"M","972":"A","973":"A","974":"M","975":";","976":"Q","977":"A","978":"C","979":"d","980":",","981":"I","982":"A","983":"A","984":"I","985":",","986":"C","987":"A","988":"A","989":"C","990":",","991":"K","992":"A","993":"A","994":"K","995":",","996":"G","997":"A","998":"A","999":"I","1000":",","1001":"I","1002":"A","1003":"A","1004":"I","1005":",","1006":"C","1007":"A","1008":"A","1009":"C","1010":",","1011":"K","1012":"A","1013":"A","1014":"K","1015":",","1016":"I","1017":"A","1018":"A","1019":"I","1020":",","1021":"I","1022":"A","1023":"A","1024":"I","1025":",","1026":"C","1027":"A","1028":"A","1029":"C","1030":",","1031":"I","1032":"A","1033":"A","1034":"I","1035":",","1036":"C","1037":"A","1038":"A","1039":"C","1040":",","1041":"M","1042":"A","1043":"A","1044":"M","1045":",","1046":"G","1047":"A","1048":"A","1049":"I","1050":",","1051":"C","1052":"A","1053":"A","1054":"C","1055":",","1056":"G","1057":"A","1058":"A","1059":"G","1060":",","1061":"I","1062":"A","1063":"A","1064":"I","1065":",","1066":"C","1067":"A","1068":"A","1069":"C","1070":",","1071":"K","1072":"A","1073":"A","1074":"K","1075":";","1076":"Q","1077":"A","1078":"C","1079":"9","1080":"D","1081":",","1082":"I","1083":"A","1084":"A","1085":"I","1086":",","1087":"C","1088":"A","1089":"A","1090":"C","1091":",","1092":"U","1093":"A","1094":"A","1095":"U","1096":",","1097":"G","1098":"A","1099":"A","1100":"G","1101":",","1102":"I","1103":"A","1104":"A","1105":"I","1106":",","1107":"C","1108":"A","1109":"A","1110":"C","1111":",","1112":"I","1113":"A","1114":"A","1115":"I","1116":",","1117":"C","1118":"A","1119":"A","1120":"C","1121":",","1122":"I","1123":"A","1124":"A","1125":"I","1126":",","1127":"C","1128":"A","1129":"A","1130":"C","1131":",","1132":"K","1133":"A","1134":"A","1135":"K","1136":",","1137":"E","1138":"A","1139":"A","1140":"E","1141":",","1142":"C","1143":"A","1144":"A","1145":"C","1146":";","1147":"M","1148":"A","1149":"C","1150":"7","1151":"C","1152":",","1153":"C","1154":"A","1155":"A","1156":"C","1157":",","1158":"E","1159":"A","1160":"A","1161":"E","1162":",","1163":"I","1164":"A","1165":"A","1166":"I","1167":",","1168":"C","1169":"A","1170":"A","1171":"C","1172":",","1173":"I","1174":"A","1175":"A","1176":"I","1177":",","1178":"C","1179":"A","1180":"A","1181":"C","1182":";","1183":"I","1184":"A","1185":"C","1186":"j","1187":"B","1188":";","1189":"E","1190":"A","1191":"C","1192":"J","1193":";","1194":"A","1195":"A","1196":"C","1197":"J","1198":",","1199":"C","1200":"A","1201":"A","1202":"C","1203":"\"","1204":",","1205":"\"","1206":"f","1207":"i","1208":"l","1209":"e","1210":"\"","1211":":","1212":"\"","1213":"B","1214":":","1215":"\\","1216":"\\","1217":"U","1218":"n","1219":"t","1220":"e","1221":"r","1222":"r","1223":"i","1224":"c","1225":"h","1226":"t","1227":"\\","1228":"\\","1229":"p","1230":"r","1231":"o","1232":"j","1233":"e","1234":"c","1235":"t","1236":"M","1237":"a","1238":"n","1239":"a","1240":"g","1241":"e","1242":"\\","1243":"\\","1244":"源","1245":"代","1246":"码","1247":"\\","1248":"\\","1249":"p","1250":"e","1251":"r","1252":"s","1253":"o","1254":"n","1255":"a","1256":"l","1257":"-","1258":"h","1259":"e","1260":"a","1261":"t","1262":"h","1263":"-","1264":"v","1265":"i","1266":"e","1267":"w","1268":"-","1269":"t","1270":"e","1271":"s","1272":"t","1273":"\\","1274":"\\","1275":"s","1276":"r","1277":"c","1278":"\\","1279":"\\","1280":"c","1281":"o","1282":"m","1283":"p","1284":"o","1285":"n","1286":"e","1287":"n","1288":"t","1289":"s","1290":"\\","1291":"\\","1292":"B","1293":"a","1294":"n","1295":"n","1296":"e","1297":"r","1298":".","1299":"v","1300":"u","1301":"e","1302":"\"","1303":",","1304":"\"","1305":"s","1306":"o","1307":"u","1308":"r","1309":"c","1310":"e","1311":"s","1312":"C","1313":"o","1314":"n","1315":"t","1316":"e","1317":"n","1318":"t","1319":"\"","1320":":","1321":"[","1322":"\"","1323":"<","1324":"t","1325":"e","1326":"m","1327":"p","1328":"l","1329":"a","1330":"t","1331":"e","1332":">","1333":"\\","1334":"r","1335":"\\","1336":"n","1337":" ","1338":" ","1339":" ","1340":" ","1341":"<","1342":"d","1343":"i","1344":"v","1345":" ","1346":"s","1347":"t","1348":"y","1349":"l","1350":"e","1351":"=","1352":"\\","1353":"\"","1354":"p","1355":"o","1356":"s","1357":"i","1358":"t","1359":"i","1360":"o","1361":"n","1362":":","1363":" ","1364":"r","1365":"e","1366":"l","1367":"a","1368":"t","1369":"i","1370":"v","1371":"e","1372":";","1373":"\\","1374":"\"","1375":">","1376":"\\","1377":"r","1378":"\\","1379":"n","1380":" ","1381":" ","1382":" ","1383":" ","1384":" ","1385":" ","1386":" ","1387":" ","1388":"<","1389":"i","1390":"m","1391":"g","1392":" ","1393":":","1394":"s","1395":"r","1396":"c","1397":"=","1398":"\\","1399":"\"","1400":"a","1401":"c","1402":"t","1403":"i","1404":"v","1405":"e","1406":"D","1407":"a","1408":"t","1409":"a","1410":".","1411":"c","1412":"o","1413":"v","1414":"e","1415":"r","1416":"\\","1417":"\"","1418":" ","1419":":","1420":"s","1421":"t","1422":"y","1423":"l","1424":"e","1425":"=","1426":"\\","1427":"\"","1428":"{","1429":" ","1430":"w","1431":"i","1432":"d","1433":"t","1434":"h","1435":":","1436":" ","1437":"w","1438":"i","1439":"d","1440":"t","1441":"h","1442":",","1443":" ","1444":"h","1445":"e","1446":"i","1447":"g","1448":"h","1449":"t","1450":":","1451":" ","1452":"h","1453":"e","1454":"i","1455":"g","1456":"h","1457":"t","1458":",","1459":" ","1460":"b","1461":"o","1462":"r","1463":"d","1464":"e","1465":"r","1466":"R","1467":"a","1468":"d","1469":"i","1470":"u","1471":"s","1472":":","1473":" ","1474":"b","1475":"o","1476":"r","1477":"d","1478":"e","1479":"r","1480":"R","1481":"a","1482":"d","1483":"i","1484":"u","1485":"s","1486":" ","1487":"}","1488":"\\","1489":"\"","1490":" ","1491":"/","1492":">","1493":"\\","1494":"r","1495":"\\","1496":"n","1497":" ","1498":" ","1499":" ","1500":" ","1501":" ","1502":" ","1503":" ","1504":" ","1505":"<","1506":"h","1507":"3","1508":" ","1509":"@","1510":"c","1511":"l","1512":"i","1513":"c","1514":"k","1515":"=","1516":"\\","1517":"\"","1518":"o","1519":"n","1520":"C","1521":"l","1522":"i","1523":"c","1524":"k","1525":"\\","1526":"\"","1527":" ","1528":"c","1529":"l","1530":"a","1531":"s","1532":"s","1533":"=","1534":"\\","1535":"\"","1536":"t","1537":"i","1538":"p","1539":"-","1540":"n","1541":"a","1542":"m","1543":"e","1544":"\\","1545":"\"","1546":" ","1547":"s","1548":"t","1549":"y","1550":"l","1551":"e","1552":"=","1553":"\\","1554":"\"","1555":"p","1556":"o","1557":"s","1558":"i","1559":"t","1560":"i","1561":"o","1562":"n","1563":":","1564":" ","1565":"a","1566":"b","1567":"s","1568":"o","1569":"l","1570":"u","1571":"t","1572":"e","1573":";","1574":"b","1575":"o","1576":"t","1577":"t","1578":"o","1579":"m","1580":":","1581":" ","1582":"0","1583":";","1584":"\\","1585":"\"","1586":">","1587":"{","1588":"{","1589":" ","1590":"a","1591":"c","1592":"t","1593":"i","1594":"v","1595":"e","1596":"D","1597":"a","1598":"t","1599":"a","1600":".","1601":"n","1602":"a","1603":"m","1604":"e","1605":" ","1606":"}","1607":"}","1608":"<","1609":"/","1610":"h","1611":"3","1612":">","1613":"\\","1614":"r","1615":"\\","1616":"n","1617":" ","1618":" ","1619":" ","1620":" ","1621":"<","1622":"/","1623":"d","1624":"i","1625":"v","1626":">","1627":"\\","1628":"r","1629":"\\","1630":"n","1631":"<","1632":"/","1633":"t","1634":"e","1635":"m","1636":"p","1637":"l","1638":"a","1639":"t","1640":"e","1641":">","1642":"\\","1643":"r","1644":"\\","1645":"n","1646":"\\","1647":"r","1648":"\\","1649":"n","1650":"<","1651":"s","1652":"c","1653":"r","1654":"i","1655":"p","1656":"t","1657":">","1658":"\\","1659":"r","1660":"\\","1661":"n","1662":"/","1663":"/","1664":" ","1665":"轮","1666":"播","1667":"图","1668":"组","1669":"件","1670":"\\","1671":"r","1672":"\\","1673":"n","1674":"e","1675":"x","1676":"p","1677":"o","1678":"r","1679":"t","1680":" ","1681":"d","1682":"e","1683":"f","1684":"a","1685":"u","1686":"l","1687":"t","1688":" ","1689":"{","1690":"\\","1691":"r","1692":"\\","1693":"n","1694":" ","1695":" ","1696":" ","1697":" ","1698":"n","1699":"a","1700":"m","1701":"e","1702":":","1703":" ","1704":"\\","1705":"\"","1706":"B","1707":"a","1708":"n","1709":"n","1710":"e","1711":"r","1712":"\\","1713":"\"","1714":",","1715":"\\","1716":"r","1717":"\\","1718":"n","1719":" ","1720":" ","1721":" ","1722":" ","1723":"p","1724":"r","1725":"o","1726":"p","1727":"s","1728":":","1729":" ","1730":"{","1731":"\\","1732":"r","1733":"\\","1734":"n","1735":" ","1736":" ","1737":" ","1738":" ","1739":" ","1740":" ","1741":" ","1742":" ","1743":"d","1744":"a","1745":"t","1746":"a","1747":":","1748":" ","1749":"{","1750":"\\","1751":"r","1752":"\\","1753":"n","1754":" ","1755":" ","1756":" ","1757":" ","1758":" ","1759":" ","1760":" ","1761":" ","1762":" ","1763":" ","1764":" ","1765":" ","1766":"t","1767":"y","1768":"p","1769":"e","1770":":","1771":" ","1772":"A","1773":"r","1774":"r","1775":"a","1776":"y","1777":",","1778":"\\","1779":"r","1780":"\\","1781":"n","1782":" ","1783":" ","1784":" ","1785":" ","1786":" ","1787":" ","1788":" ","1789":" ","1790":" ","1791":" ","1792":" ","1793":" ","1794":"r","1795":"e","1796":"q","1797":"u","1798":"i","1799":"r","1800":"e","1801":"d","1802":":","1803":" ","1804":"t","1805":"r","1806":"u","1807":"e","1808":"\\","1809":"r","1810":"\\","1811":"n","1812":" ","1813":" ","1814":" ","1815":" ","1816":" ","1817":" ","1818":" ","1819":" ","1820":"}","1821":",","1822":"\\","1823":"r","1824":"\\","1825":"n","1826":" ","1827":" ","1828":" ","1829":" ","1830":" ","1831":" ","1832":" ","1833":" ","1834":"w","1835":"i","1836":"d","1837":"t","1838":"h","1839":":","1840":" ","1841":"{","1842":" ","1843":"/","1844":"/","1845":" ","1846":"宽","1847":"度","1848":"\\","1849":"r","1850":"\\","1851":"n","1852":" ","1853":" ","1854":" ","1855":" ","1856":" ","1857":" ","1858":" ","1859":" ","1860":" ","1861":" ","1862":" ","1863":" ","1864":"t","1865":"y","1866":"p","1867":"e","1868":":","1869":" ","1870":"S","1871":"t","1872":"r","1873":"i","1874":"n","1875":"g","1876":",","1877":"\\","1878":"r","1879":"\\","1880":"n","1881":" ","1882":" ","1883":" ","1884":" ","1885":" ","1886":" ","1887":" ","1888":" ","1889":" ","1890":" ","1891":" ","1892":" ","1893":"d","1894":"e","1895":"f","1896":"a","1897":"u","1898":"l","1899":"t","1900":":","1901":" ","1902":"'","1903":"1","1904":"0","1905":"0","1906":"%","1907":"'","1908":"\\","1909":"r","1910":"\\","1911":"n","1912":" ","1913":" ","1914":" ","1915":" ","1916":" ","1917":" ","1918":" ","1919":" ","1920":"}","1921":",","1922":"\\","1923":"r","1924":"\\","1925":"n","1926":" ","1927":" ","1928":" ","1929":" ","1930":" ","1931":" ","1932":" ","1933":" ","1934":"h","1935":"e","1936":"i","1937":"g","1938":"h","1939":"t","1940":":","1941":" ","1942":"{","1943":" ","1944":"/","1945":"/","1946":" ","1947":"高","1948":"度","1949":"\\","1950":"r","1951":"\\","1952":"n","1953":" ","1954":" ","1955":" ","1956":" ","1957":" ","1958":" ","1959":" ","1960":" ","1961":" ","1962":" ","1963":" ","1964":" ","1965":"t","1966":"y","1967":"p","1968":"e","1969":":","1970":" ","1971":"S","1972":"t","1973":"r","1974":"i","1975":"n","1976":"g","1977":",","1978":"\\","1979":"r","1980":"\\","1981":"n","1982":" ","1983":" ","1984":" ","1985":" ","1986":" ","1987":" ","1988":" ","1989":" ","1990":" ","1991":" ","1992":" ","1993":" ","1994":"d","1995":"e","1996":"f","1997":"a","1998":"u","1999":"l","2000":"t","2001":":","2002":" ","2003":"'","2004":"2","2005":"0","2006":"8","2007":"p","2008":"x","2009":"'","2010":"\\","2011":"r","2012":"\\","2013":"n","2014":" ","2015":" ","2016":" ","2017":" ","2018":" ","2019":" ","2020":" ","2021":" ","2022":"}","2023":",","2024":"\\","2025":"r","2026":"\\","2027":"n","2028":" ","2029":" ","2030":" ","2031":" ","2032":" ","2033":" ","2034":" ","2035":" ","2036":"b","2037":"o","2038":"r","2039":"d","2040":"e","2041":"r","2042":"R","2043":"a","2044":"d","2045":"i","2046":"u","2047":"s","2048":":","2049":" ","2050":"{","2051":" ","2052":"/","2053":"/","2054":" ","2055":"图","2056":"片","2057":"边","2058":"框","2059":"曲","2060":"度","2061":"\\","2062":"r","2063":"\\","2064":"n","2065":" ","2066":" ","2067":" ","2068":" ","2069":" ","2070":" ","2071":" ","2072":" ","2073":" ","2074":" ","2075":" ","2076":" ","2077":"t","2078":"y","2079":"p","2080":"e","2081":":","2082":" ","2083":"S","2084":"t","2085":"r","2086":"i","2087":"n","2088":"g","2089":",","2090":"\\","2091":"r","2092":"\\","2093":"n","2094":" ","2095":" ","2096":" ","2097":" ","2098":" ","2099":" ","2100":" ","2101":" ","2102":" ","2103":" ","2104":" ","2105":" ","2106":"d","2107":"e","2108":"f","2109":"a","2110":"u","2111":"l","2112":"t","2113":":","2114":" ","2115":"'","2116":"5","2117":"p","2118":"x","2119":"'","2120":"\\","2121":"r","2122":"\\","2123":"n","2124":" ","2125":" ","2126":" ","2127":" ","2128":" ","2129":" ","2130":" ","2131":" ","2132":"}","2133":",","2134":"\\","2135":"r","2136":"\\","2137":"n","2138":" ","2139":" ","2140":" ","2141":" ","2142":" ","2143":" ","2144":" ","2145":" ","2146":"t","2147":"i","2148":"m","2149":"e","2150":":","2151":" ","2152":"{","2153":" ","2154":"/","2155":"/","2156":" ","2157":"轮","2158":"播","2159":"时","2160":"间","2161":"\\","2162":"r","2163":"\\","2164":"n","2165":" ","2166":" ","2167":" ","2168":" ","2169":" ","2170":" ","2171":" ","2172":" ","2173":" ","2174":" ","2175":" ","2176":" ","2177":"t","2178":"y","2179":"p","2180":"e","2181":":","2182":" ","2183":"N","2184":"u","2185":"m","2186":"b","2187":"e","2188":"r","2189":",","2190":"\\","2191":"r","2192":"\\","2193":"n","2194":" ","2195":" ","2196":" ","2197":" ","2198":" ","2199":" ","2200":" ","2201":" ","2202":" ","2203":" ","2204":" ","2205":" ","2206":"d","2207":"e","2208":"f","2209":"a","2210":"u","2211":"l","2212":"t","2213":":","2214":" ","2215":"3","2216":"0","2217":"0","2218":"0","2219":"\\","2220":"r","2221":"\\","2222":"n","2223":" ","2224":" ","2225":" ","2226":" ","2227":" ","2228":" ","2229":" ","2230":" ","2231":"}","2232":"\\","2233":"r","2234":"\\","2235":"n","2236":" ","2237":" ","2238":" ","2239":" ","2240":"}","2241":",","2242":"\\","2243":"r","2244":"\\","2245":"n","2246":" ","2247":" ","2248":" ","2249":" ","2250":"w","2251":"a","2252":"t","2253":"c","2254":"h","2255":":","2256":" ","2257":"{","2258":"\\","2259":"r","2260":"\\","2261":"n","2262":" ","2263":" ","2264":" ","2265":" ","2266":" ","2267":" ","2268":" ","2269":" ","2270":"d","2271":"a","2272":"t","2273":"a","2274":":","2275":" ","2276":"{","2277":"\\","2278":"r","2279":"\\","2280":"n","2281":" ","2282":" ","2283":" ","2284":" ","2285":" ","2286":" ","2287":" ","2288":" ","2289":" ","2290":" ","2291":" ","2292":" ","2293":"h","2294":"a","2295":"n","2296":"d","2297":"l","2298":"e","2299":"r","2300":"(","2301":"v","2302":"1","2303":",","2304":" ","2305":"v","2306":"2","2307":")","2308":" ","2309":"{","2310":"\\","2311":"r","2312":"\\","2313":"n","2314":" ","2315":" ","2316":" ","2317":" ","2318":" ","2319":" ","2320":" ","2321":" ","2322":" ","2323":" ","2324":" ","2325":" ","2326":" ","2327":" ","2328":" ","2329":" ","2330":"t","2331":"h","2332":"i","2333":"s","2334":".","2335":"a","2336":"c","2337":"t","2338":"i","2339":"v","2340":"e","2341":"D","2342":"a","2343":"t","2344":"a","2345":" ","2346":"=","2347":" ","2348":"{","2349":".","2350":".","2351":".","2352":" ","2353":"t","2354":"h","2355":"i","2356":"s","2357":".","2358":"d","2359":"a","2360":"t","2361":"a","2362":"[","2363":"0","2364":"]","2365":"}","2366":";","2367":"\\","2368":"r","2369":"\\","2370":"n","2371":" ","2372":" ","2373":" ","2374":" ","2375":" ","2376":" ","2377":" ","2378":" ","2379":" ","2380":" ","2381":" ","2382":" ","2383":" ","2384":" ","2385":" ","2386":" ","2387":"t","2388":"h","2389":"i","2390":"s","2391":".","2392":"c","2393":"o","2394":"n","2395":"f","2396":"i","2397":"g","2398":"(","2399":")","2400":";","2401":"\\","2402":"r","2403":"\\","2404":"n","2405":" ","2406":" ","2407":" ","2408":" ","2409":" ","2410":" ","2411":" ","2412":" ","2413":" ","2414":" ","2415":" ","2416":" ","2417":"}","2418":",","2419":"\\","2420":"r","2421":"\\","2422":"n","2423":" ","2424":" ","2425":" ","2426":" ","2427":" ","2428":" ","2429":" ","2430":" ","2431":" ","2432":" ","2433":" ","2434":" ","2435":"d","2436":"e","2437":"e","2438":"p","2439":":","2440":" ","2441":"t","2442":"r","2443":"u","2444":"e","2445":",","2446":"\\","2447":"r","2448":"\\","2449":"n","2450":" ","2451":" ","2452":" ","2453":" ","2454":" ","2455":" ","2456":" ","2457":" ","2458":" ","2459":" ","2460":" ","2461":" ","2462":"i","2463":"m","2464":"m","2465":"e","2466":"d","2467":"i","2468":"a","2469":"t","2470":"e","2471":":","2472":" ","2473":"t","2474":"r","2475":"u","2476":"e","2477":",","2478":"\\","2479":"r","2480":"\\","2481":"n","2482":" ","2483":" ","2484":" ","2485":" ","2486":" ","2487":" ","2488":" ","2489":" ","2490":"}","2491":",","2492":"\\","2493":"r","2494":"\\","2495":"n","2496":" ","2497":" ","2498":" ","2499":" ","2500":"}","2501":",","2502":"\\","2503":"r","2504":"\\","2505":"n","2506":" ","2507":" ","2508":" ","2509":" ","2510":"d","2511":"a","2512":"t","2513":"a","2514":"(","2515":")","2516":" ","2517":"{","2518":"\\","2519":"r","2520":"\\","2521":"n","2522":" ","2523":" ","2524":" ","2525":" ","2526":" ","2527":" ","2528":" ","2529":" ","2530":"r","2531":"e","2532":"t","2533":"u","2534":"r","2535":"n","2536":" ","2537":"{","2538":"\\","2539":"r","2540":"\\","2541":"n","2542":" ","2543":" ","2544":" ","2545":" ","2546":" ","2547":" ","2548":" ","2549":" ","2550":" ","2551":" ","2552":" ","2553":" ","2554":"a","2555":"c","2556":"t","2557":"i","2558":"v","2559":"e","2560":"D","2561":"a","2562":"t","2563":"a","2564":":","2565":" ","2566":"{","2567":"}","2568":",","2569":"\\","2570":"r","2571":"\\","2572":"n","2573":" ","2574":" ","2575":" ","2576":" ","2577":" ","2578":" ","2579":" ","2580":" ","2581":" ","2582":" ","2583":" ","2584":" ","2585":"i","2586":"n","2587":"d","2588":"e","2589":"x","2590":":","2591":" ","2592":"0","2593":"\\","2594":"r","2595":"\\","2596":"n","2597":" ","2598":" ","2599":" ","2600":" ","2601":" ","2602":" ","2603":" ","2604":" ","2605":"}","2606":"\\","2607":"r","2608":"\\","2609":"n","2610":" ","2611":" ","2612":" ","2613":" ","2614":"}","2615":",","2616":"\\","2617":"r","2618":"\\","2619":"n","2620":" ","2621":" ","2622":" ","2623":" ","2624":"m","2625":"e","2626":"t","2627":"h","2628":"o","2629":"d","2630":"s","2631":":","2632":" ","2633":"{","2634":"\\","2635":"r","2636":"\\","2637":"n","2638":" ","2639":" ","2640":" ","2641":" ","2642":" ","2643":" ","2644":" ","2645":" ","2646":"o","2647":"n","2648":"C","2649":"l","2650":"i","2651":"c","2652":"k","2653":"(","2654":"d","2655":"a","2656":"t","2657":"a","2658":")","2659":" ","2660":"{","2661":"\\","2662":"r","2663":"\\","2664":"n","2665":" ","2666":" ","2667":" ","2668":" ","2669":" ","2670":" ","2671":" ","2672":" ","2673":" ","2674":" ","2675":" ","2676":" ","2677":"t","2678":"h","2679":"i","2680":"s","2681":".","2682":"$","2683":"e","2684":"m","2685":"i","2686":"t","2687":"(","2688":"'","2689":"o","2690":"n","2691":"-","2692":"c","2693":"l","2694":"i","2695":"c","2696":"k","2697":"'","2698":",","2699":" ","2700":"t","2701":"h","2702":"i","2703":"s","2704":".","2705":"a","2706":"c","2707":"t","2708":"i","2709":"v","2710":"e","2711":"D","2712":"a","2713":"t","2714":"a","2715":")","2716":";","2717":"\\","2718":"r","2719":"\\","2720":"n","2721":" ","2722":" ","2723":" ","2724":" ","2725":" ","2726":" ","2727":" ","2728":" ","2729":"}","2730":",","2731":"\\","2732":"r","2733":"\\","2734":"n","2735":" ","2736":" ","2737":" ","2738":" ","2739":" ","2740":" ","2741":" ","2742":" ","2743":"c","2744":"o","2745":"n","2746":"f","2747":"i","2748":"g","2749":"(","2750":")","2751":" ","2752":"{","2753":"\\","2754":"r","2755":"\\","2756":"n","2757":" ","2758":" ","2759":" ","2760":" ","2761":" ","2762":" ","2763":" ","2764":" ","2765":" ","2766":" ","2767":" ","2768":" ","2769":"s","2770":"e","2771":"t","2772":"I","2773":"n","2774":"t","2775":"e","2776":"r","2777":"v","2778":"a","2779":"l","2780":"(","2781":"(","2782":")","2783":" ","2784":"=","2785":">","2786":" ","2787":"{","2788":"\\","2789":"r","2790":"\\","2791":"n","2792":" ","2793":" ","2794":" ","2795":" ","2796":" ","2797":" ","2798":" ","2799":" ","2800":" ","2801":" ","2802":" ","2803":" ","2804":" ","2805":" ","2806":" ","2807":" ","2808":"t","2809":"h","2810":"i","2811":"s","2812":".","2813":"i","2814":"n","2815":"d","2816":"e","2817":"x","2818":" ","2819":"=","2820":" ","2821":"(","2822":"t","2823":"h","2824":"i","2825":"s","2826":".","2827":"i","2828":"n","2829":"d","2830":"e","2831":"x","2832":" ","2833":">","2834":"=","2835":" ","2836":"t","2837":"h","2838":"i","2839":"s","2840":".","2841":"d","2842":"a","2843":"t","2844":"a","2845":".","2846":"l","2847":"e","2848":"n","2849":"g","2850":"t","2851":"h","2852":")","2853":" ","2854":"?","2855":" ","2856":"0","2857":" ","2858":":","2859":" ","2860":"t","2861":"h","2862":"i","2863":"s","2864":".","2865":"i","2866":"n","2867":"d","2868":"e","2869":"x","2870":";","2871":"\\","2872":"r","2873":"\\","2874":"n","2875":" ","2876":" ","2877":" ","2878":" ","2879":" ","2880":" ","2881":" ","2882":" ","2883":" ","2884":" ","2885":" ","2886":" ","2887":" ","2888":" ","2889":" ","2890":" ","2891":"t","2892":"h","2893":"i","2894":"s","2895":".","2896":"a","2897":"c","2898":"t","2899":"i","2900":"v","2901":"e","2902":"D","2903":"a","2904":"t","2905":"a","2906":" ","2907":"=","2908":" ","2909":"t","2910":"h","2911":"i","2912":"s","2913":".","2914":"d","2915":"a","2916":"t","2917":"a","2918":"[","2919":"t","2920":"h","2921":"i","2922":"s","2923":".","2924":"i","2925":"n","2926":"d","2927":"e","2928":"x","2929":"+","2930":"+","2931":"]","2932":";","2933":"\\","2934":"r","2935":"\\","2936":"n","2937":" ","2938":" ","2939":" ","2940":" ","2941":" ","2942":" ","2943":" ","2944":" ","2945":" ","2946":" ","2947":" ","2948":" ","2949":"}","2950":",","2951":" ","2952":"t","2953":"h","2954":"i","2955":"s","2956":".","2957":"t","2958":"i","2959":"m","2960":"e","2961":")","2962":";","2963":"\\","2964":"r","2965":"\\","2966":"n","2967":" ","2968":" ","2969":" ","2970":" ","2971":" ","2972":" ","2973":" ","2974":" ","2975":"}","2976":",","2977":"\\","2978":"r","2979":"\\","2980":"n","2981":" ","2982":" ","2983":" ","2984":" ","2985":"}","2986":"\\","2987":"r","2988":"\\","2989":"n","2990":"}","2991":";","2992":"\\","2993":"r","2994":"\\","2995":"n","2996":"<","2997":"/","2998":"s","2999":"c","3000":"r","3001":"i","3002":"p","3003":"t","3004":">","3005":"\\","3006":"r","3007":"\\","3008":"n","3009":"\\","3010":"r","3011":"\\","3012":"n","3013":"<","3014":"s","3015":"t","3016":"y","3017":"l","3018":"e","3019":" ","3020":"s","3021":"c","3022":"o","3023":"p","3024":"e","3025":"d","3026":" ","3027":"l","3028":"a","3029":"n","3030":"g","3031":"=","3032":"\\","3033":"\"","3034":"s","3035":"c","3036":"s","3037":"s","3038":"\\","3039":"\"","3040":">","3041":"\\","3042":"r","3043":"\\","3044":"n","3045":".","3046":"t","3047":"i","3048":"p","3049":"-","3050":"n","3051":"a","3052":"m","3053":"e","3054":" ","3055":"{","3056":"\\","3057":"r","3058":"\\","3059":"n","3060":" ","3061":" ","3062":" ","3063":" ","3064":"t","3065":"e","3066":"x","3067":"t","3068":"-","3069":"a","3070":"l","3071":"i","3072":"g","3073":"n","3074":":","3075":" ","3076":"c","3077":"e","3078":"n","3079":"t","3080":"e","3081":"r","3082":";","3083":"\\","3084":"r","3085":"\\","3086":"n","3087":" ","3088":" ","3089":" ","3090":" ","3091":"w","3092":"i","3093":"d","3094":"t","3095":"h","3096":":","3097":" ","3098":"1","3099":"0","3100":"0","3101":"%","3102":";","3103":"\\","3104":"r","3105":"\\","3106":"n","3107":" ","3108":" ","3109":" ","3110":" ","3111":"p","3112":"a","3113":"d","3114":"d","3115":"i","3116":"n","3117":"g","3118":":","3119":" ","3120":"1","3121":"5","3122":"p","3123":"x","3124":" ","3125":"0","3126":";","3127":"\\","3128":"r","3129":"\\","3130":"n","3131":" ","3132":" ","3133":" ","3134":" ","3135":"c","3136":"o","3137":"l","3138":"o","3139":"r","3140":":","3141":" ","3142":"a","3143":"l","3144":"i","3145":"c","3146":"e","3147":"b","3148":"l","3149":"u","3150":"e","3151":";","3152":"\\","3153":"r","3154":"\\","3155":"n","3156":" ","3157":" ","3158":" ","3159":" ","3160":"m","3161":"a","3162":"r","3163":"g","3164":"i","3165":"n","3166":":","3167":" ","3168":"0","3169":";","3170":"\\","3171":"r","3172":"\\","3173":"n","3174":" ","3175":" ","3176":" ","3177":" ","3178":"m","3179":"a","3180":"r","3181":"g","3182":"i","3183":"n","3184":"-","3185":"b","3186":"o","3187":"t","3188":"t","3189":"o","3190":"m","3191":":","3192":" ","3193":"4","3194":"p","3195":"x","3196":";","3197":"\\","3198":"r","3199":"\\","3200":"n","3201":" ","3202":" ","3203":" ","3204":" ","3205":"b","3206":"o","3207":"r","3208":"d","3209":"e","3210":"r","3211":"-","3212":"b","3213":"o","3214":"t","3215":"t","3216":"o","3217":"m","3218":"-","3219":"l","3220":"e","3221":"f","3222":"t","3223":"-","3224":"r","3225":"a","3226":"d","3227":"i","3228":"u","3229":"s","3230":":","3231":" ","3232":"5","3233":"p","3234":"x","3235":";","3236":"\\","3237":"r","3238":"\\","3239":"n","3240":" ","3241":" ","3242":" ","3243":" ","3244":"b","3245":"o","3246":"r","3247":"d","3248":"e","3249":"r","3250":"-","3251":"b","3252":"o","3253":"t","3254":"t","3255":"o","3256":"m","3257":"-","3258":"r","3259":"i","3260":"g","3261":"h","3262":"t","3263":"-","3264":"r","3265":"a","3266":"d","3267":"i","3268":"u","3269":"s","3270":":","3271":" ","3272":"5","3273":"p","3274":"x","3275":";","3276":"\\","3277":"r","3278":"\\","3279":"n","3280":" ","3281":" ","3282":" ","3283":" ","3284":"c","3285":"u","3286":"r","3287":"s","3288":"o","3289":"r","3290":":","3291":" ","3292":"p","3293":"o","3294":"i","3295":"n","3296":"t","3297":"e","3298":"r","3299":";","3300":"\\","3301":"r","3302":"\\","3303":"n","3304":" ","3305":" ","3306":" ","3307":" ","3308":"b","3309":"a","3310":"c","3311":"k","3312":"g","3313":"r","3314":"o","3315":"u","3316":"n","3317":"d","3318":"-","3319":"c","3320":"o","3321":"l","3322":"o","3323":"r","3324":":","3325":" ","3326":"r","3327":"g","3328":"b","3329":"a","3330":"(","3331":"5","3332":",","3333":" ","3334":"0","3335":",","3336":" ","3337":"0","3338":",","3339":" ","3340":"0","3341":".","3342":"6","3343":")","3344":";","3345":"\\","3346":"r","3347":"\\","3348":"n","3349":"}","3350":"\\","3351":"r","3352":"\\","3353":"n","3354":"<","3355":"/","3356":"s","3357":"t","3358":"y","3359":"l","3360":"e","3361":">","3362":"\\","3363":"r","3364":"\\","3365":"n","3366":"\"","3367":"]","3368":"}"},"_coverageSchema":"1a1c01bbd47fc00a2c39e90264f33305004495a9","hash":"1d9b82854d30296aae0cf810860ecff889c862a6"}
,"B:\\Unterricht\\projectManage\\源代码\\personal-heath-view-test\\src\\components\\Logo.vue": {"path":"B:\\Unterricht\\projectManage\\源代码\\personal-heath-view-test\\src\\components\\Logo.vue","statementMap":{"0":{"start":{"line":4,"column":0},"end":{"line":6,"column":3}},"1":{"start":{"line":7,"column":0},"end":{"line":7,"column":25}},"2":{"start":{"line":8,"column":15},"end":{"line":29,"column":1}},"3":{"start":{"line":11,"column":4},"end":{"line":11,"column":14}},"4":{"start":{"line":30,"column":18},"end":{"line":30,"column":99}},"5":{"start":{"line":31,"column":13},"end":{"line":53,"column":1}},"6":{"start":{"line":32,"column":12},"end":{"line":32,"column":16}},"7":{"start":{"line":33,"column":9},"end":{"line":33,"column":21}},"8":{"start":{"line":34,"column":2},"end":{"line":52,"column":3}},"9":{"start":{"line":54,"column":22},"end":{"line":54,"column":24}},"10":{"start":{"line":55,"column":0},"end":{"line":55,"column":27}},"11":{"start":{"line":57,"column":0},"end":{"line":57,"column":27}},"12":{"start":{"line":58,"column":0},"end":{"line":58,"column":45}}},"fnMap":{"0":{"name":"(anonymous_0)","decl":{"start":{"line":10,"column":2},"end":{"line":10,"column":3}},"loc":{"start":{"line":10,"column":9},"end":{"line":12,"column":3}},"line":10},"1":{"name":"(anonymous_1)","decl":{"start":{"line":27,"column":2},"end":{"line":27,"column":3}},"loc":{"start":{"line":27,"column":12},"end":{"line":27,"column":14}},"line":27},"2":{"name":"render","decl":{"start":{"line":31,"column":22},"end":{"line":31,"column":28}},"loc":{"start":{"line":31,"column":31},"end":{"line":53,"column":1}},"line":31}},"branchMap":{"0":{"loc":{"start":{"line":30,"column":18},"end":{"line":30,"column":99}},"type":"cond-expr","locations":[{"start":{"line":30,"column":58},"end":{"line":30,"column":81}},{"start":{"line":30,"column":84},"end":{"line":30,"column":99}}],"line":30},"1":{"loc":{"start":{"line":43,"column":6},"end":{"line":49,"column":18}},"type":"cond-expr","locations":[{"start":{"line":44,"column":10},"end":{"line":48,"column":12}},{"start":{"line":49,"column":10},"end":{"line":49,"column":18}}],"line":43}},"s":{"0":2,"1":2,"2":2,"3":5,"4":2,"5":2,"6":5,"7":5,"8":5,"9":2,"10":2,"11":2,"12":2},"f":{"0":5,"1":5,"2":5},"b":{"0":[0,2],"1":[4,1]},"inputSourceMap":{"0":"{","1":"\"","2":"v","3":"e","4":"r","5":"s","6":"i","7":"o","8":"n","9":"\"","10":":","11":"3","12":",","13":"\"","14":"s","15":"o","16":"u","17":"r","18":"c","19":"e","20":"s","21":"\"","22":":","23":"[","24":"\"","25":"B","26":":","27":"\\","28":"\\","29":"U","30":"n","31":"t","32":"e","33":"r","34":"r","35":"i","36":"c","37":"h","38":"t","39":"\\","40":"\\","41":"p","42":"r","43":"o","44":"j","45":"e","46":"c","47":"t","48":"M","49":"a","50":"n","51":"a","52":"g","53":"e","54":"\\","55":"\\","56":"源","57":"代","58":"码","59":"\\","60":"\\","61":"p","62":"e","63":"r","64":"s","65":"o","66":"n","67":"a","68":"l","69":"-","70":"h","71":"e","72":"a","73":"t","74":"h","75":"-","76":"v","77":"i","78":"e","79":"w","80":"-","81":"t","82":"e","83":"s","84":"t","85":"\\","86":"\\","87":"s","88":"r","89":"c","90":"\\","91":"\\","92":"c","93":"o","94":"m","95":"p","96":"o","97":"n","98":"e","99":"n","100":"t","101":"s","102":"\\","103":"\\","104":"L","105":"o","106":"g","107":"o","108":".","109":"v","110":"u","111":"e","112":"\"","113":"]","114":",","115":"\"","116":"n","117":"a","118":"m","119":"e","120":"s","121":"\"","122":":","123":"[","124":"]","125":",","126":"\"","127":"m","128":"a","129":"p","130":"p","131":"i","132":"n","133":"g","134":"s","135":"\"","136":":","137":"\"","138":";","139":";","140":";","141":";","142":";","143":";","144":";","145":"i","146":"C","147":"A","148":"S","149":"e","150":";","151":"E","152":"A","153":"C","154":"X","155":",","156":"I","157":"A","158":"A","159":"I","160":",","161":"E","162":"A","163":"A","164":"E","165":",","166":"M","167":"A","168":"A","169":"M","170":";","171":"E","172":"A","173":"C","174":"Z","175":",","176":"I","177":"A","178":"A","179":"I","180":",","181":"G","182":"A","183":"A","184":"G","185":";","186":"I","187":"A","188":"C","189":"H","190":",","191":"O","192":"A","193":"A","194":"O","195":",","196":"C","197":"A","198":"E","199":"P","200":",","201":"C","202":"A","203":"A","204":"C","205":";","206":"E","207":"A","208":"C","209":"L","210":",","211":"C","212":"A","213":"A","214":"C","215":";","216":"E","217":"A","218":"C","219":"D","220":",","221":"K","222":"A","223":"A","224":"K","225":",","226":"E","227":"A","228":"A","229":"E","230":";","231":"I","232":"A","233":"C","234":"H","235":",","236":"I","237":"A","238":"A","239":"I","240":",","241":"E","242":"A","243":"A","244":"E","245":";","246":"M","247":"A","248":"C","249":"F","250":",","251":"I","252":"A","253":"A","254":"I","255":",","256":"E","257":"A","258":"A","259":"E","260":",","261":"O","262":"A","263":"A","264":"O","265":";","266":"M","267":"A","268":"C","269":"b","270":",","271":"Q","272":"A","273":"A","274":"Q","275":",","276":"E","277":"A","278":"A","279":"E","280":";","281":"I","282":"A","283":"C","284":"d","285":",","286":"C","287":"A","288":"A","289":"C","290":";","291":"I","292":"A","293":"C","294":"D","295":",","296":"O","297":"A","298":"A","299":"O","300":",","301":"E","302":"A","303":"A","304":"E","305":";","306":"M","307":"A","308":"C","309":"L","310":",","311":"I","312":"A","313":"A","314":"I","315":",","316":"E","317":"A","318":"A","319":"E","320":",","321":"M","322":"A","323":"A","324":"M","325":";","326":"M","327":"A","328":"C","329":"Z","330":",","331":"Q","332":"A","333":"A","334":"Q","335":",","336":"E","337":"A","338":"A","339":"E","340":";","341":"I","342":"A","343":"C","344":"d","345":",","346":"C","347":"A","348":"A","349":"C","350":";","351":"I","352":"A","353":"C","354":"D","355":",","356":"G","357":"A","358":"A","359":"G","360":",","361":"E","362":"A","363":"A","364":"E","365":";","366":"M","367":"A","368":"C","369":"D","370":",","371":"I","372":"A","373":"A","374":"I","375":",","376":"E","377":"A","378":"A","379":"E","380":",","381":"M","382":"A","383":"A","384":"M","385":";","386":"M","387":"A","388":"C","389":"Z","390":",","391":"O","392":"A","393":"A","394":"O","395":",","396":"E","397":"A","398":"A","399":"E","400":";","401":"I","402":"A","403":"C","404":"b","405":";","406":"E","407":"A","408":"C","409":"J","410":",","411":"C","412":"A","413":"A","414":"C","415":";","416":"E","417":"A","418":"C","419":"D","420":",","421":"O","422":"A","423":"A","424":"O","425":",","426":"G","427":"A","428":"A","429":"G","430":",","431":"C","432":"A","433":"E","434":"V","435":",","436":"C","437":"A","438":"A","439":"C","440":";","441":"E","442":"A","443":"C","444":"D","445":",","446":"O","447":"A","448":"A","449":"O","450":",","451":"E","452":"A","453":"A","454":"E","455":",","456":"C","457":"A","458":"E","459":"T","460":";","461":"A","462":"A","463":"C","464":"J","465":",","466":"C","467":"A","468":"A","469":"C","470":"\"","471":",","472":"\"","473":"f","474":"i","475":"l","476":"e","477":"\"","478":":","479":"\"","480":"B","481":":","482":"\\","483":"\\","484":"U","485":"n","486":"t","487":"e","488":"r","489":"r","490":"i","491":"c","492":"h","493":"t","494":"\\","495":"\\","496":"p","497":"r","498":"o","499":"j","500":"e","501":"c","502":"t","503":"M","504":"a","505":"n","506":"a","507":"g","508":"e","509":"\\","510":"\\","511":"源","512":"代","513":"码","514":"\\","515":"\\","516":"p","517":"e","518":"r","519":"s","520":"o","521":"n","522":"a","523":"l","524":"-","525":"h","526":"e","527":"a","528":"t","529":"h","530":"-","531":"v","532":"i","533":"e","534":"w","535":"-","536":"t","537":"e","538":"s","539":"t","540":"\\","541":"\\","542":"s","543":"r","544":"c","545":"\\","546":"\\","547":"c","548":"o","549":"m","550":"p","551":"o","552":"n","553":"e","554":"n","555":"t","556":"s","557":"\\","558":"\\","559":"L","560":"o","561":"g","562":"o","563":".","564":"v","565":"u","566":"e","567":"\"","568":",","569":"\"","570":"s","571":"o","572":"u","573":"r","574":"c","575":"e","576":"s","577":"C","578":"o","579":"n","580":"t","581":"e","582":"n","583":"t","584":"\"","585":":","586":"[","587":"\"","588":"<","589":"t","590":"e","591":"m","592":"p","593":"l","594":"a","595":"t","596":"e","597":">","598":"\\","599":"r","600":"\\","601":"n","602":" ","603":" ","604":" ","605":" ","606":"<","607":"s","608":"p","609":"a","610":"n","611":" ","612":"c","613":"l","614":"a","615":"s","616":"s","617":"=","618":"\\","619":"\"","620":"l","621":"o","622":"g","623":"o","624":"\\","625":"\"","626":">","627":"\\","628":"r","629":"\\","630":"n","631":" ","632":" ","633":" ","634":" ","635":" ","636":" ","637":" ","638":" ","639":"<","640":"e","641":"l","642":"-","643":"i","644":"m","645":"a","646":"g","647":"e","648":" ","649":"s","650":"t","651":"y","652":"l","653":"e","654":"=","655":"\\","656":"\"","657":"w","658":"i","659":"d","660":"t","661":"h","662":":","663":" ","664":"3","665":"0","666":"p","667":"x","668":";","669":" ","670":"h","671":"e","672":"i","673":"g","674":"h","675":"t","676":":","677":" ","678":"3","679":"0","680":"p","681":"x","682":"\\","683":"\"","684":" ","685":"s","686":"r","687":"c","688":"=","689":"\\","690":"\"","691":".","692":"/","693":"l","694":"o","695":"g","696":"o","697":".","698":"p","699":"n","700":"g","701":"\\","702":"\"","703":" ","704":"f","705":"i","706":"t","707":"=","708":"\\","709":"\"","710":"f","711":"i","712":"l","713":"l","714":"\\","715":"\"","716":">","717":"<","718":"/","719":"e","720":"l","721":"-","722":"i","723":"m","724":"a","725":"g","726":"e","727":">","728":"\\","729":"r","730":"\\","731":"n","732":" ","733":" ","734":" ","735":" ","736":" ","737":" ","738":" ","739":" ","740":"<","741":"d","742":"i","743":"v","744":" ","745":"v","746":"-","747":"i","748":"f","749":"=","750":"\\","751":"\"","752":"!","753":"f","754":"l","755":"a","756":"g","757":"\\","758":"\"","759":">","760":"\\","761":"r","762":"\\","763":"n","764":" ","765":" ","766":" ","767":" ","768":" ","769":" ","770":" ","771":" ","772":" ","773":" ","774":" ","775":" ","776":"<","777":"s","778":"p","779":"a","780":"n","781":" ","782":":","783":"s","784":"t","785":"y","786":"l","787":"e","788":"=","789":"\\","790":"\"","791":"{","792":" ","793":"c","794":"o","795":"l","796":"o","797":"r","798":":","799":" ","800":"b","801":"a","802":"g","803":",","804":" ","805":"d","806":"i","807":"s","808":"p","809":"l","810":"a","811":"y","812":":","813":" ","814":"'","815":"b","816":"l","817":"o","818":"c","819":"k","820":"'","821":" ","822":"}","823":"\\","824":"\"","825":">","826":"{","827":"{","828":" ","829":"\\","830":"\"","831":"康","832":"乐","833":"智","834":"助","835":"\\","836":"\"","837":" ","838":"}","839":"}","840":"<","841":"/","842":"s","843":"p","844":"a","845":"n","846":">","847":"\\","848":"r","849":"\\","850":"n","851":" ","852":" ","853":" ","854":" ","855":" ","856":" ","857":" ","858":" ","859":"<","860":"/","861":"d","862":"i","863":"v","864":">","865":"\\","866":"r","867":"\\","868":"n","869":" ","870":" ","871":" ","872":" ","873":"<","874":"/","875":"s","876":"p","877":"a","878":"n","879":">","880":"\\","881":"r","882":"\\","883":"n","884":"<","885":"/","886":"t","887":"e","888":"m","889":"p","890":"l","891":"a","892":"t","893":"e","894":">","895":"\\","896":"r","897":"\\","898":"n","899":"<","900":"s","901":"c","902":"r","903":"i","904":"p","905":"t","906":">","907":"\\","908":"r","909":"\\","910":"n","911":"e","912":"x","913":"p","914":"o","915":"r","916":"t","917":" ","918":"d","919":"e","920":"f","921":"a","922":"u","923":"l","924":"t","925":" ","926":"{","927":"\\","928":"r","929":"\\","930":"n","931":" ","932":" ","933":" ","934":" ","935":"n","936":"a","937":"m","938":"e","939":":","940":" ","941":"\\","942":"\"","943":"L","944":"o","945":"g","946":"o","947":"\\","948":"\"","949":",","950":"\\","951":"r","952":"\\","953":"n","954":" ","955":" ","956":" ","957":" ","958":"d","959":"a","960":"t","961":"a","962":"(","963":")","964":" ","965":"{","966":"\\","967":"r","968":"\\","969":"n","970":" ","971":" ","972":" ","973":" ","974":" ","975":" ","976":" ","977":" ","978":"r","979":"e","980":"t","981":"u","982":"r","983":"n","984":" ","985":"{","986":"\\","987":"r","988":"\\","989":"n","990":" ","991":" ","992":" ","993":" ","994":" ","995":" ","996":" ","997":" ","998":" ","999":" ","1000":" ","1001":" ","1002":"\\","1003":"r","1004":"\\","1005":"n","1006":" ","1007":" ","1008":" ","1009":" ","1010":" ","1011":" ","1012":" ","1013":" ","1014":"}","1015":"\\","1016":"r","1017":"\\","1018":"n","1019":" ","1020":" ","1021":" ","1022":" ","1023":"}","1024":",","1025":"\\","1026":"r","1027":"\\","1028":"n","1029":" ","1030":" ","1031":" ","1032":" ","1033":"p","1034":"r","1035":"o","1036":"p","1037":"s","1038":":","1039":" ","1040":"{","1041":"\\","1042":"r","1043":"\\","1044":"n","1045":" ","1046":" ","1047":" ","1048":" ","1049":" ","1050":" ","1051":" ","1052":" ","1053":"f","1054":"l","1055":"a","1056":"g","1057":":","1058":" ","1059":"{","1060":"\\","1061":"r","1062":"\\","1063":"n","1064":" ","1065":" ","1066":" ","1067":" ","1068":" ","1069":" ","1070":" ","1071":" ","1072":" ","1073":" ","1074":" ","1075":" ","1076":"t","1077":"y","1078":"p","1079":"e","1080":":","1081":" ","1082":"B","1083":"o","1084":"o","1085":"l","1086":"e","1087":"a","1088":"n","1089":",","1090":"\\","1091":"r","1092":"\\","1093":"n","1094":" ","1095":" ","1096":" ","1097":" ","1098":" ","1099":" ","1100":" ","1101":" ","1102":" ","1103":" ","1104":" ","1105":" ","1106":"r","1107":"e","1108":"q","1109":"u","1110":"i","1111":"r","1112":"e","1113":"d","1114":":","1115":" ","1116":"f","1117":"a","1118":"l","1119":"s","1120":"e","1121":"\\","1122":"r","1123":"\\","1124":"n","1125":" ","1126":" ","1127":" ","1128":" ","1129":" ","1130":" ","1131":" ","1132":" ","1133":"}","1134":",","1135":"\\","1136":"r","1137":"\\","1138":"n","1139":" ","1140":" ","1141":" ","1142":" ","1143":" ","1144":" ","1145":" ","1146":" ","1147":"s","1148":"y","1149":"s","1150":"N","1151":"a","1152":"m","1153":"e","1154":":","1155":" ","1156":"{","1157":"\\","1158":"r","1159":"\\","1160":"n","1161":" ","1162":" ","1163":" ","1164":" ","1165":" ","1166":" ","1167":" ","1168":" ","1169":" ","1170":" ","1171":" ","1172":" ","1173":"t","1174":"y","1175":"p","1176":"e","1177":":","1178":" ","1179":"S","1180":"t","1181":"r","1182":"i","1183":"n","1184":"g","1185":",","1186":"\\","1187":"r","1188":"\\","1189":"n","1190":" ","1191":" ","1192":" ","1193":" ","1194":" ","1195":" ","1196":" ","1197":" ","1198":" ","1199":" ","1200":" ","1201":" ","1202":"r","1203":"e","1204":"q","1205":"u","1206":"i","1207":"r","1208":"e","1209":"d","1210":":","1211":" ","1212":"f","1213":"a","1214":"l","1215":"s","1216":"e","1217":"\\","1218":"r","1219":"\\","1220":"n","1221":" ","1222":" ","1223":" ","1224":" ","1225":" ","1226":" ","1227":" ","1228":" ","1229":"}","1230":",","1231":"\\","1232":"r","1233":"\\","1234":"n","1235":" ","1236":" ","1237":" ","1238":" ","1239":" ","1240":" ","1241":" ","1242":" ","1243":"b","1244":"a","1245":"g","1246":":","1247":" ","1248":"{","1249":"\\","1250":"r","1251":"\\","1252":"n","1253":" ","1254":" ","1255":" ","1256":" ","1257":" ","1258":" ","1259":" ","1260":" ","1261":" ","1262":" ","1263":" ","1264":" ","1265":"t","1266":"y","1267":"p","1268":"e","1269":":","1270":" ","1271":"S","1272":"t","1273":"r","1274":"i","1275":"n","1276":"g","1277":",","1278":"\\","1279":"r","1280":"\\","1281":"n","1282":" ","1283":" ","1284":" ","1285":" ","1286":" ","1287":" ","1288":" ","1289":" ","1290":" ","1291":" ","1292":" ","1293":" ","1294":"d","1295":"e","1296":"f","1297":"a","1298":"u","1299":"l","1300":"t","1301":":","1302":" ","1303":"'","1304":"#","1305":"1","1306":"c","1307":"1","1308":"c","1309":"1","1310":"c","1311":"'","1312":"\\","1313":"r","1314":"\\","1315":"n","1316":" ","1317":" ","1318":" ","1319":" ","1320":" ","1321":" ","1322":" ","1323":" ","1324":"}","1325":",","1326":"\\","1327":"r","1328":"\\","1329":"n","1330":" ","1331":" ","1332":" ","1333":" ","1334":"}","1335":",","1336":"\\","1337":"r","1338":"\\","1339":"n","1340":" ","1341":" ","1342":" ","1343":" ","1344":"c","1345":"r","1346":"e","1347":"a","1348":"t","1349":"e","1350":"d","1351":"(","1352":")","1353":" ","1354":"{","1355":"\\","1356":"r","1357":"\\","1358":"n","1359":"\\","1360":"r","1361":"\\","1362":"n","1363":" ","1364":" ","1365":" ","1366":" ","1367":"}","1368":",","1369":"\\","1370":"r","1371":"\\","1372":"n","1373":" ","1374":" ","1375":" ","1376":" ","1377":"m","1378":"e","1379":"t","1380":"h","1381":"o","1382":"d","1383":"s","1384":":","1385":" ","1386":"{","1387":"\\","1388":"r","1389":"\\","1390":"n","1391":"\\","1392":"r","1393":"\\","1394":"n","1395":" ","1396":" ","1397":" ","1398":" ","1399":"}","1400":"\\","1401":"r","1402":"\\","1403":"n","1404":"}","1405":";","1406":"\\","1407":"r","1408":"\\","1409":"n","1410":"<","1411":"/","1412":"s","1413":"c","1414":"r","1415":"i","1416":"p","1417":"t","1418":">","1419":"\\","1420":"r","1421":"\\","1422":"n","1423":"<","1424":"s","1425":"t","1426":"y","1427":"l","1428":"e","1429":" ","1430":"s","1431":"c","1432":"o","1433":"p","1434":"e","1435":"d","1436":" ","1437":"l","1438":"a","1439":"n","1440":"g","1441":"=","1442":"\\","1443":"\"","1444":"s","1445":"c","1446":"s","1447":"s","1448":"\\","1449":"\"","1450":">","1451":"\\","1452":"r","1453":"\\","1454":"n","1455":".","1456":"l","1457":"o","1458":"g","1459":"o","1460":" ","1461":"{","1462":"\\","1463":"r","1464":"\\","1465":"n","1466":" ","1467":" ","1468":" ","1469":" ","1470":"c","1471":"o","1472":"l","1473":"o","1474":"r","1475":":","1476":" ","1477":"r","1478":"g","1479":"b","1480":"(","1481":"8","1482":",","1483":" ","1484":"2","1485":"4","1486":",","1487":" ","1488":"1","1489":"6","1490":")","1491":" ","1492":"!","1493":"i","1494":"m","1495":"p","1496":"o","1497":"r","1498":"t","1499":"a","1500":"n","1501":"t","1502":";","1503":"\\","1504":"r","1505":"\\","1506":"n","1507":" ","1508":" ","1509":" ","1510":" ","1511":"f","1512":"o","1513":"n","1514":"t","1515":"-","1516":"w","1517":"e","1518":"i","1519":"g","1520":"h","1521":"t","1522":":","1523":" ","1524":"b","1525":"o","1526":"l","1527":"d","1528":";","1529":"\\","1530":"r","1531":"\\","1532":"n","1533":" ","1534":" ","1535":" ","1536":" ","1537":"f","1538":"o","1539":"n","1540":"t","1541":"-","1542":"s","1543":"i","1544":"z","1545":"e","1546":":","1547":" ","1548":"2","1549":"0","1550":"p","1551":"x","1552":";","1553":"\\","1554":"r","1555":"\\","1556":"n","1557":" ","1558":" ","1559":" ","1560":" ","1561":"d","1562":"i","1563":"s","1564":"p","1565":"l","1566":"a","1567":"y","1568":":","1569":" ","1570":"f","1571":"l","1572":"e","1573":"x","1574":";","1575":"\\","1576":"r","1577":"\\","1578":"n","1579":" ","1580":" ","1581":" ","1582":" ","1583":"a","1584":"l","1585":"i","1586":"g","1587":"n","1588":"-","1589":"i","1590":"t","1591":"e","1592":"m","1593":"s","1594":":","1595":" ","1596":"c","1597":"e","1598":"n","1599":"t","1600":"e","1601":"r","1602":";","1603":"\\","1604":"r","1605":"\\","1606":"n","1607":" ","1608":" ","1609":" ","1610":" ","1611":"f","1612":"l","1613":"e","1614":"x","1615":"-","1616":"w","1617":"r","1618":"a","1619":"p","1620":":","1621":" ","1622":"w","1623":"r","1624":"a","1625":"p","1626":";","1627":"\\","1628":"r","1629":"\\","1630":"n","1631":" ","1632":" ","1633":" ","1634":" ","1635":"u","1636":"s","1637":"e","1638":"r","1639":"-","1640":"s","1641":"e","1642":"l","1643":"e","1644":"c","1645":"t","1646":":","1647":" ","1648":"n","1649":"o","1650":"n","1651":"e","1652":";","1653":"\\","1654":"r","1655":"\\","1656":"n","1657":"\\","1658":"r","1659":"\\","1660":"n","1661":" ","1662":" ","1663":" ","1664":" ","1665":"s","1666":"p","1667":"a","1668":"n","1669":" ","1670":"{","1671":"\\","1672":"r","1673":"\\","1674":"n","1675":" ","1676":" ","1677":" ","1678":" ","1679":" ","1680":" ","1681":" ","1682":" ","1683":"m","1684":"a","1685":"r","1686":"g","1687":"i","1688":"n","1689":"-","1690":"l","1691":"e","1692":"f","1693":"t","1694":":","1695":" ","1696":"8","1697":"p","1698":"x","1699":";","1700":"\\","1701":"r","1702":"\\","1703":"n","1704":" ","1705":" ","1706":" ","1707":" ","1708":" ","1709":" ","1710":" ","1711":" ","1712":"c","1713":"o","1714":"l","1715":"o","1716":"r","1717":":","1718":" ","1719":"#","1720":"6","1721":"6","1722":"6","1723":";","1724":"\\","1725":"r","1726":"\\","1727":"n","1728":" ","1729":" ","1730":" ","1731":" ","1732":"}","1733":"\\","1734":"r","1735":"\\","1736":"n","1737":"}","1738":"\\","1739":"r","1740":"\\","1741":"n","1742":"<","1743":"/","1744":"s","1745":"t","1746":"y","1747":"l","1748":"e","1749":">","1750":"\"","1751":"]","1752":"}"},"_coverageSchema":"1a1c01bbd47fc00a2c39e90264f33305004495a9","hash":"3e485870eda956c8a0c24fceee0ead761afd3bc5"}
,"B:\\Unterricht\\projectManage\\源代码\\personal-heath-view-test\\src\\components\\TagLine.vue": {"path":"B:\\Unterricht\\projectManage\\源代码\\personal-heath-view-test\\src\\components\\TagLine.vue","statementMap":{"0":{"start":{"line":4,"column":0},"end":{"line":6,"column":3}},"1":{"start":{"line":7,"column":0},"end":{"line":7,"column":25}},"2":{"start":{"line":9,"column":15},"end":{"line":40,"column":1}},"3":{"start":{"line":12,"column":4},"end":{"line":14,"column":6}},"4":{"start":{"line":23,"column":4},"end":{"line":26,"column":7}},"5":{"start":{"line":30,"column":6},"end":{"line":30,"column":29}},"6":{"start":{"line":31,"column":6},"end":{"line":31,"column":34}},"7":{"start":{"line":34,"column":6},"end":{"line":37,"column":9}},"8":{"start":{"line":41,"column":18},"end":{"line":41,"column":99}},"9":{"start":{"line":42,"column":13},"end":{"line":73,"column":1}},"10":{"start":{"line":43,"column":12},"end":{"line":43,"column":16}},"11":{"start":{"line":44,"column":9},"end":{"line":44,"column":21}},"12":{"start":{"line":45,"column":2},"end":{"line":72,"column":3}},"13":{"start":{"line":48,"column":6},"end":{"line":69,"column":8}},"14":{"start":{"line":63,"column":16},"end":{"line":63,"column":42}},"15":{"start":{"line":74,"column":22},"end":{"line":74,"column":24}},"16":{"start":{"line":75,"column":0},"end":{"line":75,"column":27}},"17":{"start":{"line":77,"column":0},"end":{"line":77,"column":27}},"18":{"start":{"line":78,"column":0},"end":{"line":78,"column":45}}},"fnMap":{"0":{"name":"(anonymous_0)","decl":{"start":{"line":11,"column":2},"end":{"line":11,"column":3}},"loc":{"start":{"line":11,"column":9},"end":{"line":15,"column":3}},"line":11},"1":{"name":"(anonymous_1)","decl":{"start":{"line":22,"column":2},"end":{"line":22,"column":3}},"loc":{"start":{"line":22,"column":12},"end":{"line":27,"column":3}},"line":22},"2":{"name":"(anonymous_2)","decl":{"start":{"line":29,"column":4},"end":{"line":29,"column":5}},"loc":{"start":{"line":29,"column":17},"end":{"line":32,"column":5}},"line":29},"3":{"name":"(anonymous_3)","decl":{"start":{"line":33,"column":4},"end":{"line":33,"column":5}},"loc":{"start":{"line":33,"column":10},"end":{"line":38,"column":5}},"line":33},"4":{"name":"render","decl":{"start":{"line":42,"column":22},"end":{"line":42,"column":28}},"loc":{"start":{"line":42,"column":31},"end":{"line":73,"column":1}},"line":42},"5":{"name":"(anonymous_5)","decl":{"start":{"line":47,"column":25},"end":{"line":47,"column":26}},"loc":{"start":{"line":47,"column":50},"end":{"line":70,"column":5}},"line":47},"6":{"name":"(anonymous_6)","decl":{"start":{"line":62,"column":21},"end":{"line":62,"column":22}},"loc":{"start":{"line":62,"column":39},"end":{"line":64,"column":15}},"line":62}},"branchMap":{"0":{"loc":{"start":{"line":41,"column":18},"end":{"line":41,"column":99}},"type":"cond-expr","locations":[{"start":{"line":41,"column":58},"end":{"line":41,"column":81}},{"start":{"line":41,"column":84},"end":{"line":41,"column":99}}],"line":41},"1":{"loc":{"start":{"line":55,"column":16},"end":{"line":57,"column":40}},"type":"cond-expr","locations":[{"start":{"line":56,"column":20},"end":{"line":56,"column":39}},{"start":{"line":57,"column":20},"end":{"line":57,"column":40}}],"line":55},"2":{"loc":{"start":{"line":59,"column":16},"end":{"line":59,"column":76}},"type":"cond-expr","locations":[{"start":{"line":59,"column":55},"end":{"line":59,"column":64}},{"start":{"line":59,"column":67},"end":{"line":59,"column":76}}],"line":59}},"s":{"0":2,"1":2,"2":2,"3":6,"4":6,"5":10,"6":10,"7":1,"8":2,"9":2,"10":13,"11":13,"12":13,"13":39,"14":4,"15":2,"16":2,"17":2,"18":2},"f":{"0":6,"1":6,"2":10,"3":1,"4":13,"5":39,"6":4},"b":{"0":[0,2],"1":[7,32],"2":[7,32]},"inputSourceMap":{"0":"{","1":"\"","2":"v","3":"e","4":"r","5":"s","6":"i","7":"o","8":"n","9":"\"","10":":","11":"3","12":",","13":"\"","14":"s","15":"o","16":"u","17":"r","18":"c","19":"e","20":"s","21":"\"","22":":","23":"[","24":"\"","25":"B","26":":","27":"\\","28":"\\","29":"U","30":"n","31":"t","32":"e","33":"r","34":"r","35":"i","36":"c","37":"h","38":"t","39":"\\","40":"\\","41":"p","42":"r","43":"o","44":"j","45":"e","46":"c","47":"t","48":"M","49":"a","50":"n","51":"a","52":"g","53":"e","54":"\\","55":"\\","56":"源","57":"代","58":"码","59":"\\","60":"\\","61":"p","62":"e","63":"r","64":"s","65":"o","66":"n","67":"a","68":"l","69":"-","70":"h","71":"e","72":"a","73":"t","74":"h","75":"-","76":"v","77":"i","78":"e","79":"w","80":"-","81":"t","82":"e","83":"s","84":"t","85":"\\","86":"\\","87":"s","88":"r","89":"c","90":"\\","91":"\\","92":"c","93":"o","94":"m","95":"p","96":"o","97":"n","98":"e","99":"n","100":"t","101":"s","102":"\\","103":"\\","104":"T","105":"a","106":"g","107":"L","108":"i","109":"n","110":"e","111":".","112":"v","113":"u","114":"e","115":"\"","116":"]","117":",","118":"\"","119":"n","120":"a","121":"m","122":"e","123":"s","124":"\"","125":":","126":"[","127":"]","128":",","129":"\"","130":"m","131":"a","132":"p","133":"p","134":"i","135":"n","136":"g","137":"s","138":"\"","139":":","140":"\"","141":";","142":";","143":";","144":";","145":";","146":";","147":";","148":"A","149":"A","150":"c","151":"A","152":";","153":"A","154":"A","155":"A","156":"A","157":",","158":"i","159":"C","160":"A","161":"C","162":"e","163":";","164":"E","165":"A","166":"C","167":"X","168":",","169":"I","170":"A","171":"A","172":"I","173":",","174":"E","175":"A","176":"A","177":"E","178":",","179":"S","180":"A","181":"A","182":"S","183":";","184":"E","185":"A","186":"C","187":"f","188":",","189":"I","190":"A","191":"A","192":"I","193":",","194":"G","195":"A","196":"A","197":"G","198":";","199":"I","200":"A","201":"C","202":"H","203":",","204":"O","205":"A","206":"A","207":"O","208":";","209":"M","210":"A","211":"C","212":"H","213":",","214":"W","215":"A","216":"A","217":"W","218":",","219":"E","220":"A","221":"A","222":"E","223":",","224":"C","225":"A","226":"A","227":"C","228":";","229":"I","230":"A","231":"C","232":"l","233":"B","234":",","235":"C","236":"A","237":"A","238":"C","239":";","240":"E","241":"A","242":"C","243":"L","244":",","245":"C","246":"A","247":"A","248":"C","249":";","250":"E","251":"A","252":"C","253":"D","254":",","255":"K","256":"A","257":"A","258":"K","259":",","260":"E","261":"A","262":"A","263":"E","264":";","265":"I","266":"A","267":"C","268":"H","269":",","270":"Q","271":"A","272":"A","273":"Q","274":",","275":"E","276":"A","277":"A","278":"E","279":";","280":"M","281":"A","282":"C","283":"N","284":",","285":"I","286":"A","287":"A","288":"I","289":",","290":"E","291":"A","292":"A","293":"E","294":",","295":"K","296":"A","297":"A","298":"K","299":";","300":"M","301":"A","302":"C","303":"X","304":",","305":"Q","306":"A","307":"A","308":"Q","309":",","310":"E","311":"A","312":"A","313":"E","314":";","315":"I","316":"A","317":"C","318":"d","319":";","320":"E","321":"A","322":"C","323":"J","324":",","325":"C","326":"A","327":"A","328":"C","329":";","330":"E","331":"A","332":"C","333":"D","334":",","335":"O","336":"A","337":"A","338":"O","339":",","340":"G","341":"A","342":"A","343":"G","344":";","345":"I","346":"A","347":"C","348":"N","349":",","350":"I","351":"A","352":"A","353":"I","354":",","355":"C","356":"A","357":"A","358":"C","359":",","360":"O","361":"A","362":"A","363":"O","364":",","365":"C","366":"A","367":"A","368":"C","369":";","370":"M","371":"A","372":"A","373":"E","374":",","375":"I","376":"A","377":"A","378":"I","379":",","380":"E","381":"A","382":"A","383":"E","384":",","385":"I","386":"A","387":"A","388":"I","389":";","390":"M","391":"A","392":"A","393":"C","394":",","395":"E","396":"A","397":"A","398":"E","399":",","400":"E","401":"A","402":"A","403":"E","404":";","405":"I","406":"A","407":"A","408":"K","409":",","410":"C","411":"A","412":"A","413":"C","414":",","415":"C","416":"A","417":"A","418":"C","419":";","420":"E","421":"A","422":"C","423":"z","424":"C","425":",","426":"C","427":"A","428":"A","429":"C","430":";","431":"E","432":"A","433":"C","434":"D","435":",","436":"O","437":"A","438":"A","439":"O","440":",","441":"E","442":"A","443":"A","444":"E","445":";","446":"I","447":"A","448":"C","449":"L","450":",","451":"O","452":"A","453":"A","454":"O","455":",","456":"C","457":"A","458":"A","459":"C","460":",","461":"G","462":"A","463":"A","464":"G","465":",","466":"E","467":"A","468":"A","469":"E","470":";","471":"M","472":"A","473":"C","474":"T","475":",","476":"I","477":"A","478":"A","479":"I","480":",","481":"C","482":"A","483":"A","484":"C","485":",","486":"W","487":"A","488":"A","489":"W","490":",","491":"G","492":"A","493":"A","494":"G","495":",","496":"G","497":"A","498":"A","499":"G","500":";","501":"M","502":"A","503":"C","504":"t","505":"B","506":",","507":"I","508":"A","509":"A","510":"I","511":",","512":"C","513":"A","514":"A","515":"C","516":",","517":"K","518":"A","519":"A","520":"K","521":",","522":"C","523":"A","524":"A","525":"C","526":",","527":"U","528":"A","529":"A","530":"U","531":",","532":"E","533":"A","534":"A","535":"E","536":",","537":"G","538":"A","539":"A","540":"G","541":",","542":"C","543":"A","544":"A","545":"C","546":";","547":"I","548":"A","549":"C","550":"/","551":"B","552":",","553":"C","554":"A","555":"A","556":"C","557":";","558":"I","559":"A","560":"C","561":"D","562":",","563":"G","564":"A","565":"A","566":"G","567":",","568":"G","569":"A","570":"A","571":"G","572":";","573":"M","574":"A","575":"C","576":"F","577":",","578":"I","579":"A","580":"A","581":"I","582":",","583":"C","584":"A","585":"A","586":"C","587":",","588":"K","589":"A","590":"A","591":"K","592":",","593":"C","594":"A","595":"A","596":"C","597":",","598":"U","599":"A","600":"A","601":"U","602":",","603":"E","604":"A","605":"A","606":"E","607":";","608":"Q","609":"A","610":"A","611":"E","612":",","613":"E","614":"A","615":"A","616":"E","617":",","618":"E","619":"A","620":"A","621":"E","622":",","623":"I","624":"A","625":"A","626":"I","627":";","628":"Q","629":"A","630":"A","631":"E","632":",","633":"I","634":"A","635":"A","636":"I","637":",","638":"E","639":"A","640":"A","641":"E","642":";","643":"M","644":"A","645":"A","646":"K","647":",","648":"C","649":"A","650":"A","651":"C","652":",","653":"C","654":"A","655":"A","656":"C","657":";","658":"I","659":"A","660":"C","661":"p","662":"D","663":";","664":"E","665":"A","666":"C","667":"J","668":";","669":"A","670":"A","671":"C","672":"J","673":",","674":"C","675":"A","676":"A","677":"C","678":"\"","679":",","680":"\"","681":"f","682":"i","683":"l","684":"e","685":"\"","686":":","687":"\"","688":"B","689":":","690":"\\","691":"\\","692":"U","693":"n","694":"t","695":"e","696":"r","697":"r","698":"i","699":"c","700":"h","701":"t","702":"\\","703":"\\","704":"p","705":"r","706":"o","707":"j","708":"e","709":"c","710":"t","711":"M","712":"a","713":"n","714":"a","715":"g","716":"e","717":"\\","718":"\\","719":"源","720":"代","721":"码","722":"\\","723":"\\","724":"p","725":"e","726":"r","727":"s","728":"o","729":"n","730":"a","731":"l","732":"-","733":"h","734":"e","735":"a","736":"t","737":"h","738":"-","739":"v","740":"i","741":"e","742":"w","743":"-","744":"t","745":"e","746":"s","747":"t","748":"\\","749":"\\","750":"s","751":"r","752":"c","753":"\\","754":"\\","755":"c","756":"o","757":"m","758":"p","759":"o","760":"n","761":"e","762":"n","763":"t","764":"s","765":"\\","766":"\\","767":"T","768":"a","769":"g","770":"L","771":"i","772":"n","773":"e","774":".","775":"v","776":"u","777":"e","778":"\"","779":",","780":"\"","781":"s","782":"o","783":"u","784":"r","785":"c","786":"e","787":"s","788":"C","789":"o","790":"n","791":"t","792":"e","793":"n","794":"t","795":"\"","796":":","797":"[","798":"\"","799":"<","800":"t","801":"e","802":"m","803":"p","804":"l","805":"a","806":"t","807":"e","808":">","809":"\\","810":"r","811":"\\","812":"n","813":" ","814":" ","815":" ","816":" ","817":"<","818":"d","819":"i","820":"v","821":">","822":"\\","823":"r","824":"\\","825":"n","826":" ","827":" ","828":" ","829":" ","830":" ","831":" ","832":" ","833":" ","834":"<","835":"s","836":"p","837":"a","838":"n","839":" ","840":"v","841":"-","842":"f","843":"o","844":"r","845":"=","846":"\\","847":"\"","848":"(","849":"e","850":"n","851":"t","852":"i","853":"t","854":"y","855":",","856":" ","857":"i","858":"n","859":"d","860":"e","861":"x","862":")","863":" ","864":"i","865":"n","866":" ","867":"d","868":"a","869":"t","870":"a","871":"L","872":"i","873":"s","874":"t","875":"\\","876":"\"","877":" ","878":":","879":"k","880":"e","881":"y","882":"=","883":"\\","884":"\"","885":"i","886":"n","887":"d","888":"e","889":"x","890":"\\","891":"\"","892":">","893":"\\","894":"r","895":"\\","896":"n","897":" ","898":" ","899":" ","900":" ","901":" ","902":" ","903":" ","904":" ","905":" ","906":" ","907":" ","908":" ","909":"<","910":"s","911":"p","912":"a","913":"n","914":" ","915":"c","916":"l","917":"a","918":"s","919":"s","920":"=","921":"\\","922":"\"","923":"t","924":"a","925":"g","926":"-","927":"i","928":"t","929":"e","930":"m","931":"\\","932":"\"","933":" ","934":":","935":"s","936":"t","937":"y","938":"l","939":"e","940":"=","941":"\\","942":"\"","943":"{","944":"\\","945":"r","946":"\\","947":"n","948":" ","949":" ","950":" ","951":" ","952":" ","953":" ","954":" ","955":" ","956":" ","957":" ","958":" ","959":" ","960":" ","961":" ","962":" ","963":" ","964":"b","965":"a","966":"c","967":"k","968":"g","969":"r","970":"o","971":"u","972":"n","973":"d","974":"C","975":"o","976":"l","977":"o","978":"r","979":":","980":" ","981":"t","982":"a","983":"g","984":"S","985":"e","986":"l","987":"e","988":"c","989":"t","990":"e","991":"d","992":".","993":"n","994":"a","995":"m","996":"e","997":" ","998":"=","999":"=","1000":"=","1001":" ","1002":"e","1003":"n","1004":"t","1005":"i","1006":"t","1007":"y","1008":".","1009":"n","1010":"a","1011":"m","1012":"e","1013":" ","1014":"?","1015":" ","1016":"'","1017":"r","1018":"g","1019":"b","1020":"(","1021":"2","1022":"9","1023":",","1024":" ","1025":"1","1026":"2","1027":"4","1028":",","1029":" ","1030":"2","1031":"2","1032":"5","1033":")","1034":"'","1035":" ","1036":":","1037":" ","1038":"'","1039":"r","1040":"g","1041":"b","1042":"(","1043":"2","1044":"5","1045":"2","1046":",","1047":" ","1048":"2","1049":"5","1050":"2","1051":",","1052":" ","1053":"2","1054":"5","1055":"2","1056":")","1057":"'","1058":",","1059":"\\","1060":"r","1061":"\\","1062":"n","1063":" ","1064":" ","1065":" ","1066":" ","1067":" ","1068":" ","1069":" ","1070":" ","1071":" ","1072":" ","1073":" ","1074":" ","1075":" ","1076":" ","1077":" ","1078":" ","1079":"c","1080":"o","1081":"l","1082":"o","1083":"r","1084":":","1085":" ","1086":"t","1087":"a","1088":"g","1089":"S","1090":"e","1091":"l","1092":"e","1093":"c","1094":"t","1095":"e","1096":"d","1097":".","1098":"n","1099":"a","1100":"m","1101":"e","1102":" ","1103":"=","1104":"=","1105":"=","1106":" ","1107":"e","1108":"n","1109":"t","1110":"i","1111":"t","1112":"y","1113":".","1114":"n","1115":"a","1116":"m","1117":"e","1118":" ","1119":"?","1120":" ","1121":"'","1122":"#","1123":"F","1124":"F","1125":"F","1126":"F","1127":"F","1128":"F","1129":"'","1130":" ","1131":":","1132":" ","1133":"'","1134":"#","1135":"1","1136":"c","1137":"1","1138":"c","1139":"1","1140":"c","1141":"'","1142":"\\","1143":"r","1144":"\\","1145":"n","1146":" ","1147":" ","1148":" ","1149":" ","1150":" ","1151":" ","1152":" ","1153":" ","1154":" ","1155":" ","1156":" ","1157":" ","1158":"}","1159":"\\","1160":"\"","1161":" ","1162":"@","1163":"c","1164":"l","1165":"i","1166":"c","1167":"k","1168":"=","1169":"\\","1170":"\"","1171":"o","1172":"n","1173":"C","1174":"l","1175":"i","1176":"c","1177":"k","1178":"(","1179":"e","1180":"n","1181":"t","1182":"i","1183":"t","1184":"y","1185":")","1186":"\\","1187":"\"","1188":">","1189":"\\","1190":"r","1191":"\\","1192":"n","1193":" ","1194":" ","1195":" ","1196":" ","1197":" ","1198":" ","1199":" ","1200":" ","1201":" ","1202":" ","1203":" ","1204":" ","1205":" ","1206":" ","1207":" ","1208":" ","1209":"{","1210":"{","1211":" ","1212":"e","1213":"n","1214":"t","1215":"i","1216":"t","1217":"y","1218":".","1219":"n","1220":"a","1221":"m","1222":"e","1223":" ","1224":"}","1225":"}","1226":"\\","1227":"r","1228":"\\","1229":"n","1230":" ","1231":" ","1232":" ","1233":" ","1234":" ","1235":" ","1236":" ","1237":" ","1238":" ","1239":" ","1240":" ","1241":" ","1242":"<","1243":"/","1244":"s","1245":"p","1246":"a","1247":"n","1248":">","1249":"\\","1250":"r","1251":"\\","1252":"n","1253":" ","1254":" ","1255":" ","1256":" ","1257":" ","1258":" ","1259":" ","1260":" ","1261":"<","1262":"/","1263":"s","1264":"p","1265":"a","1266":"n","1267":">","1268":"\\","1269":"r","1270":"\\","1271":"n","1272":" ","1273":" ","1274":" ","1275":" ","1276":"<","1277":"/","1278":"d","1279":"i","1280":"v","1281":">","1282":"\\","1283":"r","1284":"\\","1285":"n","1286":"<","1287":"/","1288":"t","1289":"e","1290":"m","1291":"p","1292":"l","1293":"a","1294":"t","1295":"e","1296":">","1297":"\\","1298":"r","1299":"\\","1300":"n","1301":"\\","1302":"r","1303":"\\","1304":"n","1305":"<","1306":"s","1307":"c","1308":"r","1309":"i","1310":"p","1311":"t","1312":">","1313":"\\","1314":"r","1315":"\\","1316":"n","1317":"/","1318":"/","1319":" ","1320":"标","1321":"签","1322":"渲","1323":"染","1324":"组","1325":"件","1326":"，","1327":"接","1328":"收","1329":"渲","1330":"染","1331":"参","1332":"数","1333":"，","1334":"点","1335":"击","1336":"后","1337":"会","1338":"向","1339":"父","1340":"组","1341":"件","1342":"反","1343":"馈","1344":"\\","1345":"r","1346":"\\","1347":"n","1348":"e","1349":"x","1350":"p","1351":"o","1352":"r","1353":"t","1354":" ","1355":"d","1356":"e","1357":"f","1358":"a","1359":"u","1360":"l","1361":"t","1362":" ","1363":"{","1364":"\\","1365":"r","1366":"\\","1367":"n","1368":" ","1369":" ","1370":" ","1371":" ","1372":"n","1373":"a","1374":"m","1375":"e","1376":":","1377":" ","1378":"\\","1379":"\"","1380":"T","1381":"a","1382":"g","1383":"L","1384":"i","1385":"n","1386":"e","1387":"\\","1388":"\"","1389":",","1390":"\\","1391":"r","1392":"\\","1393":"n","1394":" ","1395":" ","1396":" ","1397":" ","1398":"d","1399":"a","1400":"t","1401":"a","1402":"(","1403":")","1404":" ","1405":"{","1406":"\\","1407":"r","1408":"\\","1409":"n","1410":" ","1411":" ","1412":" ","1413":" ","1414":" ","1415":" ","1416":" ","1417":" ","1418":"r","1419":"e","1420":"t","1421":"u","1422":"r","1423":"n","1424":" ","1425":"{","1426":"\\","1427":"r","1428":"\\","1429":"n","1430":" ","1431":" ","1432":" ","1433":" ","1434":" ","1435":" ","1436":" ","1437":" ","1438":" ","1439":" ","1440":" ","1441":" ","1442":"t","1443":"a","1444":"g","1445":"S","1446":"e","1447":"l","1448":"e","1449":"c","1450":"t","1451":"e","1452":"d","1453":":","1454":" ","1455":"{","1456":"}","1457":"\\","1458":"r","1459":"\\","1460":"n","1461":" ","1462":" ","1463":" ","1464":" ","1465":" ","1466":" ","1467":" ","1468":" ","1469":"}","1470":"\\","1471":"r","1472":"\\","1473":"n","1474":" ","1475":" ","1476":" ","1477":" ","1478":"}","1479":",","1480":"\\","1481":"r","1482":"\\","1483":"n","1484":" ","1485":" ","1486":" ","1487":" ","1488":"p","1489":"r","1490":"o","1491":"p","1492":"s","1493":":","1494":" ","1495":"{","1496":"\\","1497":"r","1498":"\\","1499":"n","1500":" ","1501":" ","1502":" ","1503":" ","1504":" ","1505":" ","1506":" ","1507":" ","1508":"d","1509":"a","1510":"t","1511":"a","1512":"L","1513":"i","1514":"s","1515":"t","1516":":","1517":" ","1518":"{","1519":"\\","1520":"r","1521":"\\","1522":"n","1523":" ","1524":" ","1525":" ","1526":" ","1527":" ","1528":" ","1529":" ","1530":" ","1531":" ","1532":" ","1533":" ","1534":" ","1535":"t","1536":"y","1537":"p","1538":"e","15
[...]
179":" ","20180":" ","20181":" ","20182":" ","20183":" ","20184":" ","20185":" ","20186":" ","20187":" ","20188":" ","20189":" ","20190":" ","20191":"c","20192":"o","20193":"n","20194":"s","20195":"o","20196":"l","20197":"e","20198":".","20199":"e","20200":"r","20201":"r","20202":"o","20203":"r","20204":"(","20205":"'","20206":"提","20207":"交","20208":"表","20209":"单","20210":"时","20211":"出","20212":"错","20213":":","20214":"'","20215":",","20216":" ","20217":"e","20218":"r","20219":"r","20220":"o","20221":"r","20222":")","20223":";","20224":"\\","20225":"n","20226":" ","20227":" ","20228":" ","20229":" ","20230":" ","20231":" ","20232":" ","20233":" ","20234":" ","20235":" ","20236":" ","20237":" ","20238":" ","20239":" ","20240":" ","20241":" ","20242":"t","20243":"h","20244":"i","20245":"s","20246":".","20247":"$","20248":"m","20249":"e","20250":"s","20251":"s","20252":"a","20253":"g","20254":"e","20255":".","20256":"e","20257":"r","20258":"r","20259":"o","20260":"r","20261":"(","20262":"'","20263":"提","20264":"交","20265":"失","20266":"败","20267":"，","20268":"请","20269":"稍","20270":"后","20271":"再","20272":"试","20273":"！","20274":"'","20275":")","20276":";","20277":"\\","20278":"n","20279":" ","20280":" ","20281":" ","20282":" ","20283":" ","20284":" ","20285":" ","20286":" ","20287":" ","20288":" ","20289":" ","20290":" ","20291":"}","20292":"\\","20293":"n","20294":" ","20295":" ","20296":" ","20297":" ","20298":" ","20299":" ","20300":" ","20301":" ","20302":"}","20303":",","20304":"\\","20305":"n","20306":" ","20307":" ","20308":" ","20309":" ","20310":" ","20311":" ","20312":" ","20313":" ","20314":"a","20315":"d","20316":"d","20317":"M","20318":"o","20319":"d","20320":"e","20321":"l","20322":"(","20323":")","20324":" ","20325":"{","20326":"\\","20327":"n","20328":" ","20329":" ","20330":" ","20331":" ","20332":" ","20333":" ","20334":" ","20335":" ","20336":" ","20337":" ","20338":" ","20339":" ","20340":"t","20341":"h","20342":"i","20343":"s","20344":".","20345":"d","20346":"i","20347":"a","20348":"l","20349":"o","20350":"g","20351":"U","20352":"s","20353":"e","20354":"r","20355":"O","20356":"p","20357":"e","20358":"r","20359":"a","20360":"i","20361":"o","20362":"n","20363":" ","20364":"=","20365":" ","20366":"t","20367":"r","20368":"u","20369":"e","20370":";","20371":"\\","20372":"n","20373":" ","20374":" ","20375":" ","20376":" ","20377":" ","20378":" ","20379":" ","20380":" ","20381":"}","20382":",","20383":"\\","20384":"n","20385":" ","20386":" ","20387":" ","20388":" ","20389":" ","20390":" ","20391":" ","20392":" ","20393":"h","20394":"a","20395":"n","20396":"d","20397":"l","20398":"e","20399":"C","20400":"l","20401":"i","20402":"c","20403":"k","20404":"(","20405":"t","20406":"a","20407":"b","20408":",","20409":" ","20410":"e","20411":"v","20412":"e","20413":"n","20414":"t","20415":")","20416":" ","20417":"{","20418":"\\","20419":"n","20420":" ","20421":" ","20422":" ","20423":" ","20424":" ","20425":" ","20426":" ","20427":" ","20428":" ","20429":" ","20430":" ","20431":" ","20432":"/","20433":"/","20434":" ","20435":"先","20436":"去","20437":"清","20438":"空","20439":"条","20440":"件","20441":"\\","20442":"n","20443":" ","20444":" ","20445":" ","20446":" ","20447":" ","20448":" ","20449":" ","20450":" ","20451":" ","20452":" ","20453":" ","20454":" ","20455":"t","20456":"h","20457":"i","20458":"s","20459":".","20460":"u","20461":"s","20462":"e","20463":"r","20464":"H","20465":"e","20466":"a","20467":"l","20468":"t","20469":"h","20470":"M","20471":"o","20472":"d","20473":"e","20474":"l","20475":" ","20476":"=","20477":" ","20478":"{","20479":"}","20480":";","20481":"\\","20482":"n","20483":" ","20484":" ","20485":" ","20486":" ","20487":" ","20488":" ","20489":" ","20490":" ","20491":" ","20492":" ","20493":" ","20494":" ","20495":"i","20496":"f","20497":" ","20498":"(","20499":"t","20500":"h","20501":"i","20502":"s","20503":".","20504":"a","20505":"c","20506":"t","20507":"i","20508":"v","20509":"e","20510":"N","20511":"a","20512":"m","20513":"e","20514":" ","20515":"=","20516":"=","20517":"=","20518":" ","20519":"'","20520":"f","20521":"i","20522":"r","20523":"s","20524":"t","20525":"'","20526":")","20527":" ","20528":"{","20529":"\\","20530":"n","20531":" ","20532":" ","20533":" ","20534":" ","20535":" ","20536":" ","20537":" ","20538":" ","20539":" ","20540":" ","20541":" ","20542":" ","20543":" ","20544":" ","20545":" ","20546":" ","20547":"t","20548":"h","20549":"i","20550":"s","20551":".","20552":"u","20553":"s","20554":"e","20555":"r","20556":"H","20557":"e","20558":"a","20559":"l","20560":"t","20561":"h","20562":"M","20563":"o","20564":"d","20565":"e","20566":"l","20567":".","20568":"i","20569":"s","20570":"G","20571":"l","20572":"o","20573":"b","20574":"a","20575":"l","20576":" ","20577":"=","20578":" ","20579":"t","20580":"r","20581":"u","20582":"e","20583":";","20584":"\\","20585":"n","20586":" ","20587":" ","20588":" ","20589":" ","20590":" ","20591":" ","20592":" ","20593":" ","20594":" ","20595":" ","20596":" ","20597":" ","20598":"}","20599":" ","20600":"e","20601":"l","20602":"s","20603":"e","20604":" ","20605":"{","20606":"\\","20607":"n","20608":" ","20609":" ","20610":" ","20611":" ","20612":" ","20613":" ","20614":" ","20615":" ","20616":" ","20617":" ","20618":" ","20619":" ","20620":" ","20621":" ","20622":" ","20623":" ","20624":"c","20625":"o","20626":"n","20627":"s","20628":"t","20629":" ","20630":"u","20631":"s","20632":"e","20633":"r","20634":"I","20635":"n","20636":"f","20637":"o","20638":" ","20639":"=","20640":" ","20641":"s","20642":"e","20643":"s","20644":"s","20645":"i","20646":"o","20647":"n","20648":"S","20649":"t","20650":"o","20651":"r","20652":"a","20653":"g","20654":"e","20655":".","20656":"g","20657":"e","20658":"t","20659":"I","20660":"t","20661":"e","20662":"m","20663":"(","20664":"'","20665":"u","20666":"s","20667":"e","20668":"r","20669":"I","20670":"n","20671":"f","20672":"o","20673":"'","20674":")","20675":";","20676":"\\","20677":"n","20678":" ","20679":" ","20680":" ","20681":" ","20682":" ","20683":" ","20684":" ","20685":" ","20686":" ","20687":" ","20688":" ","20689":" ","20690":" ","20691":" ","20692":" ","20693":" ","20694":"c","20695":"o","20696":"n","20697":"s","20698":"t","20699":" ","20700":"e","20701":"n","20702":"t","20703":"i","20704":"t","20705":"y","20706":" ","20707":"=","20708":" ","20709":"J","20710":"S","20711":"O","20712":"N","20713":".","20714":"p","20715":"a","20716":"r","20717":"s","20718":"e","20719":"(","20720":"u","20721":"s","20722":"e","20723":"r","20724":"I","20725":"n","20726":"f","20727":"o","20728":")","20729":";","20730":"\\","20731":"n","20732":" ","20733":" ","20734":" ","20735":" ","20736":" ","20737":" ","20738":" ","20739":" ","20740":" ","20741":" ","20742":" ","20743":" ","20744":" ","20745":" ","20746":" ","20747":" ","20748":"t","20749":"h","20750":"i","20751":"s","20752":".","20753":"u","20754":"s","20755":"e","20756":"r","20757":"H","20758":"e","20759":"a","20760":"l","20761":"t","20762":"h","20763":"M","20764":"o","20765":"d","20766":"e","20767":"l","20768":".","20769":"u","20770":"s","20771":"e","20772":"r","20773":"I","20774":"d","20775":" ","20776":"=","20777":" ","20778":"e","20779":"n","20780":"t","20781":"i","20782":"t","20783":"y","20784":".","20785":"i","20786":"d","20787":";","20788":"\\","20789":"n","20790":" ","20791":" ","20792":" ","20793":" ","20794":" ","20795":" ","20796":" ","20797":" ","20798":" ","20799":" ","20800":" ","20801":" ","20802":"}","20803":"\\","20804":"n","20805":" ","20806":" ","20807":" ","20808":" ","20809":" ","20810":" ","20811":" ","20812":" ","20813":" ","20814":" ","20815":" ","20816":" ","20817":"t","20818":"h","20819":"i","20820":"s","20821":".","20822":"g","20823":"e","20824":"t","20825":"A","20826":"l","20827":"l","20828":"M","20829":"o","20830":"d","20831":"e","20832":"l","20833":"C","20834":"o","20835":"n","20836":"f","20837":"i","20838":"g","20839":"(","20840":")","20841":";","20842":"\\","20843":"n","20844":" ","20845":" ","20846":" ","20847":" ","20848":" ","20849":" ","20850":" ","20851":" ","20852":"}","20853":",","20854":"\\","20855":"n","20856":" ","20857":" ","20858":" ","20859":" ","20860":" ","20861":" ","20862":" ","20863":" ","20864":"g","20865":"e","20866":"t","20867":"A","20868":"l","20869":"l","20870":"M","20871":"o","20872":"d","20873":"e","20874":"l","20875":"C","20876":"o","20877":"n","20878":"f","20879":"i","20880":"g","20881":"(","20882":")","20883":" ","20884":"{","20885":"\\","20886":"n","20887":" ","20888":" ","20889":" ","20890":" ","20891":" ","20892":" ","20893":" ","20894":" ","20895":" ","20896":" ","20897":" ","20898":" ","20899":"t","20900":"h","20901":"i","20902":"s","20903":".","20904":"$","20905":"a","20906":"x","20907":"i","20908":"o","20909":"s","20910":".","20911":"p","20912":"o","20913":"s","20914":"t","20915":"(","20916":"'","20917":"/","20918":"h","20919":"e","20920":"a","20921":"l","20922":"t","20923":"h","20924":"-","20925":"m","20926":"o","20927":"d","20928":"e","20929":"l","20930":"-","20931":"c","20932":"o","20933":"n","20934":"f","20935":"i","20936":"g","20937":"/","20938":"q","20939":"u","20940":"e","20941":"r","20942":"y","20943":"'","20944":",","20945":" ","20946":"t","20947":"h","20948":"i","20949":"s","20950":".","20951":"u","20952":"s","20953":"e","20954":"r","20955":"H","20956":"e","20957":"a","20958":"l","20959":"t","20960":"h","20961":"M","20962":"o","20963":"d","20964":"e","20965":"l","20966":")","20967":".","20968":"t","20969":"h","20970":"e","20971":"n","20972":"(","20973":"r","20974":"e","20975":"s","20976":"p","20977":"o","20978":"n","20979":"s","20980":"e","20981":" ","20982":"=","20983":">","20984":" ","20985":"{","20986":"\\","20987":"n","20988":" ","20989":" ","20990":" ","20991":" ","20992":" ","20993":" ","20994":" ","20995":" ","20996":" ","20997":" ","20998":" ","20999":" ","21000":" ","21001":" ","21002":" ","21003":" ","21004":"c","21005":"o","21006":"n","21007":"s","21008":"t","21009":" ","21010":"{","21011":" ","21012":"d","21013":"a","21014":"t","21015":"a","21016":" ","21017":"}","21018":" ","21019":"=","21020":" ","21021":"r","21022":"e","21023":"s","21024":"p","21025":"o","21026":"n","21027":"s","21028":"e","21029":";","21030":"\\","21031":"n","21032":" ","21033":" ","21034":" ","21035":" ","21036":" ","21037":" ","21038":" ","21039":" ","21040":" ","21041":" ","21042":" ","21043":" ","21044":" ","21045":" ","21046":" ","21047":" ","21048":"i","21049":"f","21050":" ","21051":"(","21052":"d","21053":"a","21054":"t","21055":"a","21056":".","21057":"c","21058":"o","21059":"d","21060":"e","21061":" ","21062":"=","21063":"=","21064":"=","21065":" ","21066":"2","21067":"0","21068":"0","21069":")","21070":" ","21071":"{","21072":"\\","21073":"n","21074":" ","21075":" ","21076":" ","21077":" ","21078":" ","21079":" ","21080":" ","21081":" ","21082":" ","21083":" ","21084":" ","21085":" ","21086":" ","21087":" ","21088":" ","21089":" ","21090":" ","21091":" ","21092":" ","21093":" ","21094":"t","21095":"h","21096":"i","21097":"s","21098":".","21099":"m","21100":"o","21101":"d","21102":"e","21103":"l","21104":"L","21105":"i","21106":"s","21107":"t","21108":" ","21109":"=","21110":" ","21111":"d","21112":"a","21113":"t","21114":"a","21115":".","21116":"d","21117":"a","21118":"t","21119":"a","21120":";","21121":"\\","21122":"n","21123":" ","21124":" ","21125":" ","21126":" ","21127":" ","21128":" ","21129":" ","21130":" ","21131":" ","21132":" ","21133":" ","21134":" ","21135":" ","21136":" ","21137":" ","21138":" ","21139":"}","21140":"\\","21141":"n","21142":" ","21143":" ","21144":" ","21145":" ","21146":" ","21147":" ","21148":" ","21149":" ","21150":" ","21151":" ","21152":" ","21153":" ","21154":"}","21155":")","21156":";","21157":"\\","21158":"n","21159":" ","21160":" ","21161":" ","21162":" ","21163":" ","21164":" ","21165":" ","21166":" ","21167":"}","21168":",","21169":"\\","21170":"n","21171":" ","21172":" ","21173":" ","21174":" ","21175":" ","21176":" ","21177":" ","21178":" ","21179":"g","21180":"e","21181":"t","21182":"U","21183":"s","21184":"e","21185":"r","21186":"I","21187":"n","21188":"f","21189":"o","21190":"(","21191":")","21192":" ","21193":"{","21194":"\\","21195":"n","21196":" ","21197":" ","21198":" ","21199":" ","21200":" ","21201":" ","21202":" ","21203":" ","21204":" ","21205":" ","21206":" ","21207":" ","21208":"c","21209":"o","21210":"n","21211":"s","21212":"t","21213":" ","21214":"u","21215":"s","21216":"e","21217":"r","21218":"I","21219":"n","21220":"f","21221":"o","21222":" ","21223":"=","21224":" ","21225":"s","21226":"e","21227":"s","21228":"s","21229":"i","21230":"o","21231":"n","21232":"S","21233":"t","21234":"o","21235":"r","21236":"a","21237":"g","21238":"e","21239":".","21240":"g","21241":"e","21242":"t","21243":"I","21244":"t","21245":"e","21246":"m","21247":"(","21248":"'","21249":"u","21250":"s","21251":"e","21252":"r","21253":"I","21254":"n","21255":"f","21256":"o","21257":"'","21258":")","21259":";","21260":"\\","21261":"n","21262":" ","21263":" ","21264":" ","21265":" ","21266":" ","21267":" ","21268":" ","21269":" ","21270":" ","21271":" ","21272":" ","21273":" ","21274":"t","21275":"h","21276":"i","21277":"s","21278":".","21279":"u","21280":"s","21281":"e","21282":"r","21283":"I","21284":"n","21285":"f","21286":"o","21287":" ","21288":"=","21289":" ","21290":"J","21291":"S","21292":"O","21293":"N","21294":".","21295":"p","21296":"a","21297":"r","21298":"s","21299":"e","21300":"(","21301":"u","21302":"s","21303":"e","21304":"r","21305":"I","21306":"n","21307":"f","21308":"o","21309":")","21310":";","21311":"\\","21312":"n","21313":" ","21314":" ","21315":" ","21316":" ","21317":" ","21318":" ","21319":" ","21320":" ","21321":"}","21322":",","21323":"\\","21324":"n","21325":" ","21326":" ","21327":" ","21328":" ","21329":"}","21330":",","21331":"\\","21332":"n","21333":"}","21334":";","21335":"\\","21336":"n","21337":"<","21338":"/","21339":"s","21340":"c","21341":"r","21342":"i","21343":"p","21344":"t","21345":">","21346":"\\","21347":"n","21348":"<","21349":"s","21350":"t","21351":"y","21352":"l","21353":"e","21354":" ","21355":"s","21356":"c","21357":"o","21358":"p","21359":"e","21360":"d","21361":" ","21362":"l","21363":"a","21364":"n","21365":"g","21366":"=","21367":"\\","21368":"\"","21369":"s","21370":"c","21371":"s","21372":"s","21373":"\\","21374":"\"","21375":">","21376":"\\","21377":"n","21378":".","21379":"i","21380":"t","21381":"e","21382":"m","21383":"-","21384":"m","21385":"o","21386":"d","21387":"e","21388":"l","21389":":","21390":"h","21391":"o","21392":"v","21393":"e","21394":"r","21395":" ","21396":"{","21397":"\\","21398":"n","21399":" ","21400":" ","21401":" ","21402":" ","21403":"c","21404":"u","21405":"r","21406":"s","21407":"o","21408":"r","21409":":","21410":" ","21411":"p","21412":"o","21413":"i","21414":"n","21415":"t","21416":"e","21417":"r","21418":";","21419":"\\","21420":"n","21421":" ","21422":" ","21423":" ","21424":" ","21425":"b","21426":"a","21427":"c","21428":"k","21429":"g","21430":"r","21431":"o","21432":"u","21433":"n","21434":"d","21435":"-","21436":"c","21437":"o","21438":"l","21439":"o","21440":"r","21441":":","21442":" ","21443":"#","21444":"f","21445":"a","21446":"f","21447":"a","21448":"f","21449":"a","21450":";","21451":"\\","21452":"n","21453":" ","21454":" ","21455":" ","21456":" ","21457":"b","21458":"o","21459":"r","21460":"d","21461":"e","21462":"r","21463":"-","21464":"r","21465":"a","21466":"d","21467":"i","21468":"u","21469":"s","21470":":","21471":" ","21472":"5","21473":"p","21474":"x","21475":";","21476":"\\","21477":"n","21478":"}","21479":"\\","21480":"n","21481":"\\","21482":"n","21483":".","21484":"i","21485":"t","21486":"e","21487":"m","21488":"-","21489":"m","21490":"o","21491":"d","21492":"e","21493":"l","21494":"{","21495":"\\","21496":"n","21497":" ","21498":" ","21499":" ","21500":" ","21501":"p","21502":"a","21503":"d","21504":"d","21505":"i","21506":"n","21507":"g","21508":":","21509":" ","21510":"8","21511":"p","21512":"x","21513":";","21514":"\\","21515":"n","21516":" ","21517":" ","21518":" ","21519":" ","21520":"b","21521":"o","21522":"x","21523":"-","21524":"s","21525":"i","21526":"z","21527":"i","21528":"n","21529":"g","21530":":","21531":" ","21532":"b","21533":"o","21534":"r","21535":"d","21536":"e","21537":"r","21538":"-","21539":"b","21540":"o","21541":"x","21542":";","21543":"\\","21544":"n","21545":"}","21546":"\\","21547":"n","21548":"\\","21549":"n","21550":".","21551":"i","21552":"n","21553":"p","21554":"u","21555":"t","21556":"-","21557":"m","21558":"o","21559":"d","21560":"e","21561":"l","21562":" ","21563":"{","21564":"\\","21565":"n","21566":" ","21567":" ","21568":" ","21569":" ","21570":"f","21571":"o","21572":"n","21573":"t","21574":"-","21575":"s","21576":"i","21577":"z","21578":"e","21579":":","21580":" ","21581":"2","21582":"0","21583":"p","21584":"x","21585":";","21586":"\\","21587":"n","21588":" ","21589":" ","21590":" ","21591":" ","21592":"b","21593":"o","21594":"x","21595":"-","21596":"s","21597":"i","21598":"z","21599":"i","21600":"n","21601":"g","21602":":","21603":" ","21604":"b","21605":"o","21606":"r","21607":"d","21608":"e","21609":"r","21610":"-","21611":"b","21612":"o","21613":"x","21614":";","21615":"\\","21616":"n","21617":" ","21618":" ","21619":" ","21620":" ","21621":"f","21622":"o","21623":"n","21624":"t","21625":"-","21626":"w","21627":"e","21628":"i","21629":"g","21630":"h","21631":"t","21632":":","21633":" ","21634":"b","21635":"o","21636":"l","21637":"d","21638":";","21639":"\\","21640":"n","21641":" ","21642":" ","21643":" ","21644":" ","21645":"p","21646":"a","21647":"d","21648":"d","21649":"i","21650":"n","21651":"g","21652":":","21653":" ","21654":"2","21655":"0","21656":"p","21657":"x","21658":";","21659":"\\","21660":"n","21661":" ","21662":" ","21663":" ","21664":" ","21665":"u","21666":"s","21667":"e","21668":"r","21669":"-","21670":"s","21671":"e","21672":"l","21673":"e","21674":"c","21675":"t","21676":":","21677":" ","21678":"n","21679":"o","21680":"n","21681":"e","21682":";","21683":"\\","21684":"n","21685":" ","21686":" ","21687":" ","21688":" ","21689":"b","21690":"o","21691":"r","21692":"d","21693":"e","21694":"r","21695":"-","21696":"r","21697":"a","21698":"d","21699":"i","21700":"u","21701":"s","21702":":","21703":" ","21704":"5","21705":"p","21706":"x","21707":";","21708":"\\","21709":"n","21710":" ","21711":" ","21712":" ","21713":" ","21714":"b","21715":"o","21716":"r","21717":"d","21718":"e","21719":"r","21720":":","21721":" ","21722":"n","21723":"o","21724":"n","21725":"e","21726":";","21727":"\\","21728":"n","21729":" ","21730":" ","21731":" ","21732":" ","21733":"o","21734":"u","21735":"t","21736":"l","21737":"i","21738":"n","21739":"e","21740":":","21741":" ","21742":"n","21743":"o","21744":"n","21745":"e","21746":";","21747":"\\","21748":"n","21749":" ","21750":" ","21751":" ","21752":" ","21753":"b","21754":"a","21755":"c","21756":"k","21757":"g","21758":"r","21759":"o","21760":"u","21761":"n","21762":"d","21763":"-","21764":"c","21765":"o","21766":"l","21767":"o","21768":"r","21769":":","21770":" ","21771":"#","21772":"f","21773":"1","21774":"f","21775":"1","21776":"f","21777":"1","21778":";","21779":"\\","21780":"n","21781":" ","21782":" ","21783":" ","21784":" ","21785":"h","21786":"e","21787":"i","21788":"g","21789":"h","21790":"t","21791":":","21792":" ","21793":"5","21794":"0","21795":"p","21796":"x","21797":";","21798":"\\","21799":"n","21800":" ","21801":" ","21802":" ","21803":" ","21804":"w","21805":"i","21806":"d","21807":"t","21808":"h","21809":":","21810":" ","21811":"8","21812":"5","21813":"%","21814":";","21815":"\\","21816":"n","21817":"}","21818":"\\","21819":"n","21820":"<","21821":"/","21822":"s","21823":"t","21824":"y","21825":"l","21826":"e","21827":">","21828":"\"","21829":"]","21830":"}"},"_coverageSchema":"1a1c01bbd47fc00a2c39e90264f33305004495a9","hash":"ff055cab2e86611c86b3239762fa05715f263e03"}
}
