TN:
SF:src\components\Banner.vue
FN:39,(anonymous_0)
FN:49,(anonymous_1)
FN:56,(anonymous_2)
FN:59,(anonymous_3)
FN:60,(anonymous_4)
FN:68,render
FNF:6
FNH:5
FNDA:7,(anonymous_0)
FNDA:6,(anonymous_1)
FNDA:1,(anonymous_2)
FNDA:7,(anonymous_3)
FNDA:0,(anonymous_4)
FNDA:7,render
DA:4,2
DA:7,2
DA:9,2
DA:40,7
DA:43,7
DA:50,6
DA:57,1
DA:60,7
DA:61,0
DA:62,0
DA:67,2
DA:68,2
DA:69,7
DA:70,7
DA:71,7
DA:92,2
DA:93,2
DA:95,2
DA:96,2
LF:19
LH:17
BRDA:61,0,0,0
BRDA:61,0,1,0
BRDA:67,1,0,0
BRDA:67,1,1,2
BRF:4
BRH:1
end_of_record
TN:
SF:src\components\Logo.vue
FN:10,(anonymous_0)
FN:27,(anonymous_1)
FN:31,render
FNF:3
FNH:3
FNDA:5,(anonymous_0)
FNDA:5,(anonymous_1)
FNDA:5,render
DA:4,2
DA:7,2
DA:8,2
DA:11,5
DA:30,2
DA:31,2
DA:32,5
DA:33,5
DA:34,5
DA:54,2
DA:55,2
DA:57,2
DA:58,2
LF:13
LH:13
BRDA:30,0,0,0
BRDA:30,0,1,2
BRDA:43,1,0,4
BRDA:43,1,1,1
BRF:4
BRH:3
end_of_record
TN:
SF:src\components\TagLine.vue
FN:11,(anonymous_0)
FN:22,(anonymous_1)
FN:29,(anonymous_2)
FN:33,(anonymous_3)
FN:42,render
FN:47,(anonymous_5)
FN:62,(anonymous_6)
FNF:7
FNH:7
FNDA:6,(anonymous_0)
FNDA:6,(anonymous_1)
FNDA:10,(anonymous_2)
FNDA:1,(anonymous_3)
FNDA:13,render
FNDA:39,(anonymous_5)
FNDA:4,(anonymous_6)
DA:4,2
DA:7,2
DA:9,2
DA:12,6
DA:23,6
DA:30,10
DA:31,10
DA:34,1
DA:41,2
DA:42,2
DA:43,13
DA:44,13
DA:45,13
DA:48,39
DA:63,4
DA:74,2
DA:75,2
DA:77,2
DA:78,2
LF:19
LH:19
BRDA:41,0,0,0
BRDA:41,0,1,2
BRDA:55,1,0,7
BRDA:55,1,1,32
BRDA:59,2,0,7
BRDA:59,2,1,32
BRF:6
BRH:5
end_of_record
TN:
SF:src\utils\data.js
FN:1,timeAgo
FNF:1
FNH:1
FNDA:7,timeAgo
DA:2,7
DA:3,7
DA:4,7
DA:5,7
DA:6,2
DA:7,5
DA:8,1
DA:9,4
DA:10,1
DA:12,3
DA:13,3
DA:14,1
DA:16,2
LF:13
LH:13
BRDA:5,0,0,2
BRDA:5,0,1,5
BRDA:7,1,0,1
BRDA:7,1,1,4
BRDA:9,2,0,1
BRDA:9,2,1,3
BRDA:13,3,0,1
BRDA:13,3,1,2
BRF:8
BRH:8
end_of_record
TN:
SF:src\utils\request.js
FN:9,(anonymous_0)
FN:15,(anonymous_1)
FNF:2
FNH:2
FNDA:2,(anonymous_0)
FNDA:1,(anonymous_1)
DA:3,1
DA:4,1
DA:9,1
DA:10,2
DA:11,2
DA:12,1
DA:14,2
DA:16,1
LF:8
LH:8
BRDA:11,0,0,1
BRDA:11,0,1,1
BRF:2
BRH:2
end_of_record
TN:
SF:src\utils\storage.js
FN:4,getToken
FN:8,setToken
FN:12,getHealthInfo
FN:16,setHealthInfo
FN:20,clearToken
FN:23,getActivePath
FN:27,setActivePath
FNF:7
FNH:7
FNDA:5,getToken
FNDA:3,setToken
FNDA:2,getHealthInfo
FNDA:2,setHealthInfo
FNDA:2,clearToken
FNDA:2,getActivePath
FNDA:2,setActivePath
DA:1,2
DA:2,2
DA:3,2
DA:5,5
DA:9,3
DA:13,2
DA:17,2
DA:21,2
DA:24,2
DA:28,2
LF:10
LH:10
BRF:0
BRH:0
end_of_record
TN:
SF:src\utils\swalPlugin.js
FN:13,(anonymous_0)
FN:14,(anonymous_1)
FNF:2
FNH:2
FNDA:3,(anonymous_0)
FNDA:2,(anonymous_1)
DA:12,1
DA:14,3
DA:15,2
DA:29,2
DA:30,2
DA:31,1
DA:33,1
DA:34,1
LF:8
LH:8
BRDA:14,0,0,0
BRF:1
BRH:0
end_of_record
TN:
SF:src\views\user\Home.vue
FN:117,render
FN:141,(anonymous_1)
FN:148,(anonymous_2)
FN:211,(anonymous_3)
FN:219,(anonymous_4)
FNF:5
FNH:3
FNDA:23,render
FNDA:24,(anonymous_1)
FNDA:0,(anonymous_2)
FNDA:24,(anonymous_3)
FNDA:0,(anonymous_4)
DA:4,1
DA:5,1
DA:8,1
DA:9,1
DA:116,1
DA:117,1
DA:118,23
DA:119,23
DA:120,23
DA:142,24
DA:149,0
DA:212,24
DA:220,0
DA:252,1
DA:253,1
DA:255,1
DA:256,1
LF:17
LH:15
BRDA:116,0,0,0
BRDA:116,0,1,1
BRDA:201,1,0,11
BRDA:201,1,1,12
BRF:4
BRH:3
end_of_record
TN:
SF:src\views\user\Record.vue
FN:226,render
FN:296,(anonymous_1)
FN:349,(anonymous_2)
FN:385,(anonymous_3)
FN:392,(anonymous_4)
FN:475,(anonymous_5)
FN:495,(anonymous_6)
FN:576,(anonymous_7)
FN:607,(anonymous_8)
FN:667,(anonymous_9)
FN:735,(anonymous_10)
FN:763,(anonymous_11)
FN:791,(anonymous_12)
FN:823,(anonymous_13)
FN:853,(anonymous_14)
FN:912,(anonymous_15)
FNF:16
FNH:3
FNDA:64,render
FNDA:0,(anonymous_1)
FNDA:0,(anonymous_2)
FNDA:2,(anonymous_3)
FNDA:0,(anonymous_4)
FNDA:0,(anonymous_5)
FNDA:0,(anonymous_6)
FNDA:12,(anonymous_7)
FNDA:0,(anonymous_8)
FNDA:0,(anonymous_9)
FNDA:0,(anonymous_10)
FNDA:0,(anonymous_11)
FNDA:0,(anonymous_12)
FNDA:0,(anonymous_13)
FNDA:0,(anonymous_14)
FNDA:0,(anonymous_15)
DA:4,1
DA:5,1
DA:8,1
DA:9,1
DA:10,1
DA:11,1
DA:12,1
DA:13,1
DA:225,1
DA:226,1
DA:227,64
DA:228,64
DA:229,64
DA:297,0
DA:350,0
DA:386,2
DA:393,0
DA:476,0
DA:496,0
DA:577,12
DA:608,0
DA:609,0
DA:668,0
DA:736,0
DA:737,0
DA:764,0
DA:765,0
DA:792,0
DA:793,0
DA:824,0
DA:825,0
DA:854,0
DA:913,0
DA:928,1
DA:929,1
DA:931,1
DA:932,1
LF:37
LH:19
BRDA:225,0,0,0
BRDA:225,0,1,1
BRDA:466,1,0,2
BRDA:466,1,1,0
BRDA:486,2,0,2
BRDA:486,2,1,0
BRDA:562,3,0,54
BRDA:562,3,1,10
BRDA:608,4,0,0
BRDA:608,4,1,0
BRDA:676,5,0,63
BRDA:676,5,1,1
BRDA:703,6,0,1
BRDA:703,6,1,63
BRDA:736,7,0,0
BRDA:736,7,1,0
BRDA:764,8,0,0
BRDA:764,8,1,0
BRDA:792,9,0,0
BRDA:792,9,1,0
BRDA:824,10,0,0
BRDA:824,10,1,0
BRDA:874,11,0,63
BRDA:874,11,1,1
BRF:24
BRH:11
end_of_record
